2024-02-29 16:59:48,089 [INFO] Activator:176 - 


2024-02-29 16:59:48,095 [INFO] Activator:177 - !SESSION log4j initialized
2024-02-29 16:59:50,451 [INFO] LogOutputStream:77 - [STDOUT_REDIRECT] 
2024-02-29 16:59:52,443 [INFO] ApplicationProperties:184 - Using Application install path: /opt/st/stm32cubeide_1.14.0/plugins/com.st.stm32cube.common.mx_6.10.0.202311202037
2024-02-29 16:59:52,461 [INFO] DbMcusXml:78 - Set database path to: /opt/st/stm32cubeide_1.14.0/plugins/com.st.stm32cube.common.mx_6.10.0.202311202037//db//mcu/
2024-02-29 16:59:52,462 [INFO] ApiDb:274 - Set plugin database path to: /opt/st/stm32cubeide_1.14.0/plugins/com.st.stm32cube.common.mx_6.10.0.202311202037//db//plugins/boardmanager/
2024-02-29 16:59:52,462 [WARN] ApiDb:259 - Overriding images path with different value:  => /opt/st/stm32cubeide_1.14.0/plugins/com.st.stm32cube.common.mx_6.10.0.202311202037//db//plugins/mcufinder/images/
2024-02-29 16:59:52,467 [INFO] ApiDb:250 - Set database path to: /users/bricpuis65/.stmcufinder/plugins/mcufinder//mcu/
2024-02-29 16:59:52,469 [INFO] DbMcusAds:125 - Set database path to: /users/bricpuis65/.stmcufinder/plugins/mcufinder//mcu/
2024-02-29 16:59:52,471 [INFO] CrossReferenceDbSqlite:203 - Set database path to: /users/bricpuis65/.stmcufinder/plugins/mcufinder//mcu/cs/
2024-02-29 16:59:52,631 [INFO] RulesReader:64 - Compatibility file has been processed (297 Rules)
2024-02-29 16:59:52,721 [INFO] DbMcusXml:78 - Set database path to: /opt/st/stm32cubeide_1.14.0/plugins/com.st.stm32cube.common.mx_6.10.0.202311202037//db//mcu/
2024-02-29 16:59:52,721 [INFO] ApiDb:274 - Set plugin database path to: /opt/st/stm32cubeide_1.14.0/plugins/com.st.stm32cube.common.mx_6.10.0.202311202037//db//plugins/boardmanager/
2024-02-29 16:59:52,721 [INFO] ApiDb:261 - Set plugin images path to: /opt/st/stm32cubeide_1.14.0/plugins/com.st.stm32cube.common.mx_6.10.0.202311202037//db//plugins/mcufinder/images/
2024-02-29 16:59:52,722 [WARN] DbFile:41 - Overriding database path with different value: /users/bricpuis65/.stmcufinder/plugins/mcufinder/ => /users/bricpuis65/.stmcufinder/plugins/mcufinder
2024-02-29 16:59:52,722 [INFO] ApiDb:250 - Set database path to: /users/bricpuis65/.stmcufinder/plugins/mcufinder//mcu/
2024-02-29 16:59:52,722 [WARN] DbFile:41 - Overriding database path with different value: /users/bricpuis65/.stmcufinder/plugins/mcufinder/ => /users/bricpuis65/.stmcufinder/plugins/mcufinder
2024-02-29 16:59:52,722 [INFO] DbMcusAds:125 - Set database path to: /users/bricpuis65/.stmcufinder/plugins/mcufinder//mcu/
2024-02-29 16:59:52,722 [WARN] DbFile:41 - Overriding database path with different value: /users/bricpuis65/.stmcufinder/plugins/mcufinder/ => /users/bricpuis65/.stmcufinder/plugins/mcufinder
2024-02-29 16:59:52,723 [WARN] DbFile:41 - Overriding database path with different value: /users/bricpuis65/.stmcufinder/plugins/mcufinder/ => /users/bricpuis65/.stmcufinder/plugins/mcufinder
2024-02-29 16:59:52,723 [INFO] CrossReferenceDbSqlite:203 - Set database path to: /users/bricpuis65/.stmcufinder/plugins/mcufinder//mcu/cs/
2024-02-29 16:59:52,818 [INFO] MainPanel:264 - HeapMemory: 268435456
2024-02-29 16:59:52,936 [INFO] DbMcusXml:78 - Set database path to: /opt/st/stm32cubeide_1.14.0/plugins/com.st.stm32cube.common.mx_6.10.0.202311202037//db//mcu/
2024-02-29 16:59:52,936 [INFO] ApiDb:274 - Set plugin database path to: /opt/st/stm32cubeide_1.14.0/plugins/com.st.stm32cube.common.mx_6.10.0.202311202037//db//plugins/boardmanager/
2024-02-29 16:59:52,936 [INFO] ApiDb:261 - Set plugin images path to: /opt/st/stm32cubeide_1.14.0/plugins/com.st.stm32cube.common.mx_6.10.0.202311202037//db//plugins/mcufinder/images/
2024-02-29 16:59:52,937 [WARN] DbFile:41 - Overriding database path with different value: /users/bricpuis65/.stmcufinder/plugins/mcufinder/ => /users/bricpuis65/.stmcufinder/plugins/mcufinder
2024-02-29 16:59:52,937 [INFO] ApiDb:250 - Set database path to: /users/bricpuis65/.stmcufinder/plugins/mcufinder//mcu/
2024-02-29 16:59:52,937 [WARN] DbFile:41 - Overriding database path with different value: /users/bricpuis65/.stmcufinder/plugins/mcufinder/ => /users/bricpuis65/.stmcufinder/plugins/mcufinder
2024-02-29 16:59:52,937 [INFO] DbMcusAds:125 - Set database path to: /users/bricpuis65/.stmcufinder/plugins/mcufinder//mcu/
2024-02-29 16:59:52,937 [WARN] DbFile:41 - Overriding database path with different value: /users/bricpuis65/.stmcufinder/plugins/mcufinder/ => /users/bricpuis65/.stmcufinder/plugins/mcufinder
2024-02-29 16:59:52,938 [WARN] DbFile:41 - Overriding database path with different value: /users/bricpuis65/.stmcufinder/plugins/mcufinder/ => /users/bricpuis65/.stmcufinder/plugins/mcufinder
2024-02-29 16:59:52,938 [INFO] CrossReferenceDbSqlite:203 - Set database path to: /users/bricpuis65/.stmcufinder/plugins/mcufinder//mcu/cs/
2024-02-29 16:59:52,959 [INFO] ApplicationProperties:184 - Using Application install path: /opt/st/stm32cubeide_1.14.0/plugins/com.st.stm32cube.common.mx_6.10.0.202311202037
2024-02-29 16:59:52,961 [INFO] PluginManage:196 - Search for loadable plugins [exclusion list=, ]
2024-02-29 16:59:52,962 [INFO] PluginManage:310 - Check plugin analytics
2024-02-29 16:59:53,171 [INFO] AnalyticsPlugin:253 - Accepted Software Licenses: 
2024-02-29 16:59:53,172 [INFO] AnalyticsPlugin:255 - Accepted CMSIS Pack Licenses: 
2024-02-29 16:59:53,172 [INFO] AnalyticsPlugin:257 - Accepted Firmware Licenses: 
2024-02-29 16:59:53,176 [INFO] PluginManage:359 - Loaded plugin analytics (category:tool,tabindex:-1)
2024-02-29 16:59:53,176 [INFO] PluginManage:310 - Check plugin cadmodel
2024-02-29 16:59:53,510 [INFO] CADModel:105 - Init CAD model plugin
2024-02-29 16:59:53,511 [INFO] PluginManage:359 - Loaded plugin cadmodel (category:power,tabindex:5)
2024-02-29 16:59:53,511 [INFO] PluginManage:310 - Check plugin clock
2024-02-29 16:59:53,525 [INFO] PluginManage:359 - Loaded plugin clock (category:base,tabindex:2)
2024-02-29 16:59:53,525 [INFO] PluginManage:310 - Check plugin ddr
2024-02-29 16:59:53,528 [INFO] PluginManage:359 - Loaded plugin ddr (category:tool,tabindex:6)
2024-02-29 16:59:53,528 [INFO] PluginManage:310 - Check plugin filemanager
2024-02-29 16:59:53,560 [INFO] McuFinderGlobals:63 - Set McuFinder mode to 2 (CubeIDE integrated)
2024-02-29 16:59:53,703 [INFO] PluginManage:359 - Loaded plugin filemanager (category:base,tabindex:10)
2024-02-29 16:59:53,703 [INFO] PluginManage:310 - Check plugin ipmanager
2024-02-29 16:59:53,710 [INFO] PluginManage:359 - Loaded plugin ipmanager (category:base,tabindex:5)
2024-02-29 16:59:53,710 [INFO] PluginManage:310 - Check plugin lpbam
2024-02-29 16:59:53,721 [INFO] PluginManage:359 - Loaded plugin lpbam (category:base,tabindex:0)
2024-02-29 16:59:53,721 [INFO] PluginManage:310 - Check plugin memorymap
2024-02-29 16:59:53,736 [INFO] PluginManage:359 - Loaded plugin memorymap (category:base,tabindex:4)
2024-02-29 16:59:53,737 [INFO] PluginManage:310 - Check plugin pinoutandconfiguration
2024-02-29 16:59:53,746 [INFO] PluginManage:359 - Loaded plugin pinoutandconfiguration (category:base,tabindex:1)
2024-02-29 16:59:53,746 [INFO] PluginManage:310 - Check plugin pinoutconfig
2024-02-29 16:59:53,864 [WARN] SupportedApi:132 - Cannot load RTOS API schema: s4s-elt-must-match.1: The content of 'definitions' must match (annotation?, (simpleType | complexType)?, (unique | key | keyref)*)). A problem was found starting at: attribute.
2024-02-29 16:59:54,076 [INFO] PluginManage:359 - Loaded plugin pinoutconfig (category:base,tabindex:0)
2024-02-29 16:59:54,076 [INFO] PluginManage:310 - Check plugin power
2024-02-29 16:59:54,088 [INFO] PluginManage:359 - Loaded plugin power (category:power,tabindex:4)
2024-02-29 16:59:54,088 [INFO] PluginManage:310 - Check plugin projectmanager
2024-02-29 16:59:54,110 [INFO] PluginManage:359 - Loaded plugin projectmanager (category:projectmanager,tabindex:3)
2024-02-29 16:59:54,110 [INFO] PluginManage:310 - Check plugin thirdparty
2024-02-29 16:59:54,278 [INFO] PluginManage:359 - Loaded plugin thirdparty (category:base,tabindex:-1)
2024-02-29 16:59:54,278 [INFO] PluginManage:310 - Check plugin tools
2024-02-29 16:59:54,278 [WARN] IntegrityCheckThread:84 - waiting for thirdparty lock release [integrity check]
2024-02-29 16:59:54,279 [INFO] IntegrityCheckThread:86 - entering critical section [integrity check]
2024-02-29 16:59:54,279 [INFO] ThirdPartyUpdaterWithRetryManager:70 - Updater plugin not ready yet. [1/15]
2024-02-29 16:59:54,281 [INFO] PluginManage:359 - Loaded plugin tools (category:base,tabindex:7)
2024-02-29 16:59:54,281 [INFO] PluginManage:310 - Check plugin tutovideos
2024-02-29 16:59:54,483 [INFO] PluginManage:359 - Loaded plugin tutovideos (category:base,tabindex:-1)
2024-02-29 16:59:54,483 [INFO] PluginManage:310 - Check plugin updater
2024-02-29 16:59:54,496 [INFO] PluginManage:359 - Loaded plugin updater (category:base,tabindex:12)
2024-02-29 16:59:54,496 [INFO] PluginManage:310 - Check plugin userauth
2024-02-29 16:59:54,502 [INFO] UserAuth:114 - Init User Auth plugin
2024-02-29 16:59:54,502 [INFO] PluginManage:359 - Loaded plugin userauth (category:base,tabindex:14)
2024-02-29 16:59:54,502 [INFO] PluginManage:283 - PluginManage : Loaded plugins [17]
2024-02-29 16:59:54,712 [INFO] PinOutPanel:1499 - setPackage(No Configuration,No Configuration)
2024-02-29 16:59:54,778 [INFO] CADModel:165 - CPN selected for project level
2024-02-29 16:59:54,779 [INFO] CADModel:114 - Register for checkConnection events
2024-02-29 16:59:54,794 [INFO] IPUIPlugin:80 - create IPUIPlugin
2024-02-29 16:59:54,794 [INFO] PluginManager:220 - loadIPPluginJar : add freertos
2024-02-29 16:59:54,799 [INFO] IPUIPlugin:80 - create IPUIPlugin
2024-02-29 16:59:54,800 [INFO] PluginManager:220 - loadIPPluginJar : add resmgrutility
2024-02-29 16:59:54,806 [INFO] IPUIPlugin:80 - create IPUIPlugin
2024-02-29 16:59:54,809 [INFO] PluginManager:220 - loadIPPluginJar : add plateformsettings
2024-02-29 16:59:54,817 [INFO] IPUIPlugin:80 - create IPUIPlugin
2024-02-29 16:59:54,818 [INFO] PluginManager:220 - loadIPPluginJar : add adc
2024-02-29 16:59:54,820 [INFO] IPUIPlugin:80 - create IPUIPlugin
2024-02-29 16:59:54,820 [INFO] PluginManager:220 - loadIPPluginJar : add hash
2024-02-29 16:59:54,826 [INFO] IPUIPlugin:80 - create IPUIPlugin
2024-02-29 16:59:54,826 [INFO] PluginManager:220 - loadIPPluginJar : add linkedlist
2024-02-29 16:59:54,832 [INFO] IPUIPlugin:80 - create IPUIPlugin
2024-02-29 16:59:54,832 [INFO] PluginManager:220 - loadIPPluginJar : add stm32_wpan
2024-02-29 16:59:54,833 [INFO] IPUIPlugin:80 - create IPUIPlugin
2024-02-29 16:59:54,833 [INFO] PluginManager:220 - loadIPPluginJar : add fatfs
2024-02-29 16:59:54,836 [INFO] IPUIPlugin:80 - create IPUIPlugin
2024-02-29 16:59:54,836 [INFO] PluginManager:220 - loadIPPluginJar : add openamp
2024-02-29 16:59:54,838 [INFO] IPUIPlugin:80 - create IPUIPlugin
2024-02-29 16:59:54,838 [INFO] PluginManager:220 - loadIPPluginJar : add tracer_emb
2024-02-29 16:59:54,841 [INFO] IPUIPlugin:80 - create IPUIPlugin
2024-02-29 16:59:54,841 [INFO] PluginManager:220 - loadIPPluginJar : add lorawan
2024-02-29 16:59:54,843 [INFO] IPUIPlugin:80 - create IPUIPlugin
2024-02-29 16:59:54,843 [INFO] PluginManager:220 - loadIPPluginJar : add opamp
2024-02-29 16:59:54,845 [INFO] IPUIPlugin:80 - create IPUIPlugin
2024-02-29 16:59:54,845 [INFO] PluginManager:220 - loadIPPluginJar : add tim
2024-02-29 16:59:54,847 [INFO] IPUIPlugin:80 - create IPUIPlugin
2024-02-29 16:59:54,848 [INFO] PluginManager:220 - loadIPPluginJar : add cryp
2024-02-29 16:59:54,851 [INFO] IPUIPlugin:80 - create IPUIPlugin
2024-02-29 16:59:54,851 [INFO] PluginManager:220 - loadIPPluginJar : add gtzc
2024-02-29 16:59:54,853 [INFO] IPUIPlugin:80 - create IPUIPlugin
2024-02-29 16:59:54,853 [INFO] PluginManager:220 - loadIPPluginJar : add gfxmmu
2024-02-29 16:59:54,855 [INFO] IPUIPlugin:80 - create IPUIPlugin
2024-02-29 16:59:54,855 [INFO] PluginManager:220 - loadIPPluginJar : add comp
2024-02-29 16:59:54,858 [INFO] IPUIPlugin:80 - create IPUIPlugin
2024-02-29 16:59:54,858 [INFO] PluginManager:220 - loadIPPluginJar : add touchsensing
2024-02-29 16:59:54,861 [INFO] IPUIPlugin:80 - create IPUIPlugin
2024-02-29 16:59:54,861 [INFO] PluginManager:220 - loadIPPluginJar : add i2c
2024-02-29 16:59:54,864 [INFO] IPUIPlugin:80 - create IPUIPlugin
2024-02-29 16:59:54,864 [INFO] PluginManager:220 - loadIPPluginJar : add pdm2pcm
2024-02-29 16:59:54,866 [INFO] IPUIPlugin:80 - create IPUIPlugin
2024-02-29 16:59:54,866 [INFO] PluginManager:220 - loadIPPluginJar : add aes
2024-02-29 16:59:54,868 [INFO] IPUIPlugin:80 - create IPUIPlugin
2024-02-29 16:59:54,868 [INFO] PluginManager:220 - loadIPPluginJar : add spi
2024-02-29 16:59:54,870 [INFO] IPUIPlugin:80 - create IPUIPlugin
2024-02-29 16:59:54,870 [INFO] PluginManager:220 - loadIPPluginJar : add genericplugin
2024-02-29 16:59:54,873 [INFO] IPUIPlugin:80 - create IPUIPlugin
2024-02-29 16:59:54,873 [INFO] PluginManager:220 - loadIPPluginJar : add ipddr
2024-02-29 16:59:54,875 [INFO] IPUIPlugin:80 - create IPUIPlugin
2024-02-29 16:59:54,876 [INFO] PluginManager:220 - loadIPPluginJar : add ucpd
2024-02-29 16:59:54,877 [INFO] IPUIPlugin:80 - create IPUIPlugin
2024-02-29 16:59:54,877 [INFO] PluginManager:220 - loadIPPluginJar : add ts
2024-02-29 16:59:54,880 [INFO] IPUIPlugin:80 - create IPUIPlugin
2024-02-29 16:59:54,880 [INFO] PluginManager:220 - loadIPPluginJar : add dma3
2024-02-29 16:59:54,885 [INFO] IPUIPlugin:80 - create IPUIPlugin
2024-02-29 16:59:54,885 [INFO] PluginManager:220 - loadIPPluginJar : add gpio
2024-02-29 16:59:54,886 [INFO] IPUIPlugin:80 - create IPUIPlugin
2024-02-29 16:59:54,887 [INFO] PluginManager:220 - loadIPPluginJar : add ltdc
2024-02-29 16:59:54,890 [INFO] IPUIPlugin:80 - create IPUIPlugin
2024-02-29 16:59:54,890 [INFO] PluginManager:220 - loadIPPluginJar : add usbx
2024-02-29 16:59:54,891 [INFO] IPUIPlugin:80 - create IPUIPlugin
2024-02-29 16:59:54,891 [INFO] PluginManager:220 - loadIPPluginJar : add tsc
2024-02-29 16:59:54,895 [INFO] IPUIPlugin:80 - create IPUIPlugin
2024-02-29 16:59:54,896 [INFO] PluginManager:220 - loadIPPluginJar : add fmc
2024-02-29 16:59:54,898 [INFO] IPUIPlugin:80 - create IPUIPlugin
2024-02-29 16:59:54,898 [INFO] PluginManager:220 - loadIPPluginJar : add usart
2024-02-29 16:59:54,901 [INFO] IPUIPlugin:80 - create IPUIPlugin
2024-02-29 16:59:54,901 [INFO] PluginManager:220 - loadIPPluginJar : add i2s
2024-02-29 16:59:54,903 [INFO] IPUIPlugin:80 - create IPUIPlugin
2024-02-29 16:59:54,904 [INFO] PluginManager:220 - loadIPPluginJar : add i3c
2024-02-29 16:59:54,907 [INFO] IPUIPlugin:80 - create IPUIPlugin
2024-02-29 16:59:54,907 [INFO] PluginManager:220 - loadIPPluginJar : add sai
2024-02-29 16:59:54,913 [INFO] IPUIPlugin:80 - create IPUIPlugin
2024-02-29 16:59:54,913 [INFO] PluginManager:220 - loadIPPluginJar : add gic
2024-02-29 16:59:54,919 [INFO] IPUIPlugin:80 - create IPUIPlugin
2024-02-29 16:59:54,920 [INFO] PluginManager:220 - loadIPPluginJar : add dma
2024-02-29 16:59:54,922 [INFO] IPUIPlugin:80 - create IPUIPlugin
2024-02-29 16:59:54,922 [INFO] PluginManager:220 - loadIPPluginJar : add dfsdm
2024-02-29 16:59:54,925 [INFO] IPUIPlugin:80 - create IPUIPlugin
2024-02-29 16:59:54,925 [INFO] PluginManager:220 - loadIPPluginJar : add can
2024-02-29 16:59:54,926 [INFO] IPUIPlugin:80 - create IPUIPlugin
2024-02-29 16:59:54,926 [INFO] PluginManager:220 - loadIPPluginJar : add quadspi
2024-02-29 16:59:54,930 [INFO] IPUIPlugin:80 - create IPUIPlugin
2024-02-29 16:59:54,930 [INFO] PluginManager:220 - loadIPPluginJar : add nvic
2024-02-29 16:59:54,937 [INFO] IPUIPlugin:80 - create IPUIPlugin
2024-02-29 16:59:54,937 [INFO] PluginManager:220 - loadIPPluginJar : add mdma
2024-02-29 16:59:55,048 [INFO] CADModel:165 - CPN selected for project level
2024-02-29 16:59:55,049 [INFO] CADModel:114 - Register for checkConnection events
2024-02-29 16:59:55,049 [FATAL] Updater:308 - Updater called before beeing initialized
2024-02-29 16:59:55,049 [ERROR] CADModel:125 - Updater not yet initialized, retry later 
2024-02-29 16:59:55,210 [INFO] CADModel:165 - CPN selected for project level
2024-02-29 16:59:55,210 [INFO] CADModel:114 - Register for checkConnection events
2024-02-29 16:59:55,210 [FATAL] Updater:308 - Updater called before beeing initialized
2024-02-29 16:59:55,210 [ERROR] CADModel:125 - Updater not yet initialized, retry later 
2024-02-29 16:59:55,214 [FATAL] Updater:308 - Updater called before beeing initialized
2024-02-29 16:59:55,318 [FATAL] Updater:308 - Updater called before beeing initialized
2024-02-29 16:59:55,322 [INFO] DbMcusAds:53 - JSON generation date=Wed Nov 29 11:52:27 CET 2023 (1701255147349)
2024-02-29 16:59:55,323 [FATAL] Updater:308 - Updater called before beeing initialized
2024-02-29 16:59:55,374 [WARN] DetailPanel:346 - Failed to get advertising image, set to default
2024-02-29 16:59:55,509 [FATAL] Updater:308 - Updater called before beeing initialized
2024-02-29 16:59:55,511 [FATAL] Updater:308 - Updater called before beeing initialized
2024-02-29 16:59:55,512 [FATAL] Updater:308 - Updater called before beeing initialized
2024-02-29 16:59:55,512 [WARN] DetailPanel:346 - Failed to get advertising image, set to default
2024-02-29 16:59:55,513 [FATAL] Updater:308 - Updater called before beeing initialized
2024-02-29 16:59:55,558 [ERROR] Updater:1120 - MainUpdater not yet initialized. External WinMGr cannot be set.
2024-02-29 16:59:55,560 [INFO] Updater:1056 - Updater Version found : 6.10.0
2024-02-29 16:59:55,581 [INFO] ApplicationProperties:184 - Using Application install path: /opt/st/stm32cubeide_1.14.0/plugins/com.st.stm32cube.common.mx_6.10.0.202311202037
2024-02-29 16:59:55,857 [INFO] MainUpdater:2873 - connection check result : 10
2024-02-29 16:59:55,858 [INFO] MainUpdater:290 - Updater Check For Update Now.
2024-02-29 16:59:55,858 [INFO] MicroXplorer:498 - Change Database Version : DB.6.0.100
2024-02-29 16:59:55,864 [INFO] McuFinderGlobals:63 - Set McuFinder mode to 2 (CubeIDE integrated)
2024-02-29 16:59:55,864 [INFO] UserAuth:180 - activating auth plugin
2024-02-29 16:59:55,867 [INFO] UserAuth:404 - Internet connection configuration mode: 1
2024-02-29 16:59:55,884 [INFO] JxBrowserEngine:152 - Initiate JxBrowser Engine with user profile folder
2024-02-29 16:59:56,096 [INFO] CheckServerUpdateThread:120 - End of CheckServer Thread
2024-02-29 16:59:56,266 [INFO] MainUpdater:2873 - connection check result : 10
2024-02-29 16:59:56,268 [INFO] MainUpdater:2873 - connection check result : 10
2024-02-29 16:59:56,315 [INFO] MicroXplorer:468 - Change Database Path : 
2024-02-29 16:59:56,315 [INFO] MicroXplorer:498 - Change Database Version : DB.6.0.100
2024-02-29 16:59:56,321 [WARN] ThirdParty:871 - waiting for thirdparty lock release [close project]
2024-02-29 16:59:57,380 [INFO] WebApp:161 - Instantiating new browser for Auth
2024-02-29 16:59:57,458 [WARN] PackLoader:240 - Cannot read IP mode file for STMicroelectronics.X-CUBE-SMBUS.2.1.0
2024-02-29 16:59:57,467 [WARN] PackLoader:240 - Cannot read IP mode file for STMicroelectronics.X-CUBE-TOUCHGFX.4.23.0
2024-02-29 16:59:57,510 [WARN] PackLoader:240 - Cannot read IP mode file for STMicroelectronics.X-CUBE-AZRTOS-F7.1.1.0
2024-02-29 16:59:57,536 [WARN] PackLoader:240 - Cannot read IP mode file for STMicroelectronics.FP-SNS-MOTENV1.4.3.2
2024-02-29 16:59:57,549 [WARN] PackLoader:240 - Cannot read IP mode file for STMicroelectronics.FP-SNS-FLIGHT1.5.0.2
2024-02-29 16:59:57,566 [WARN] PackLoader:240 - Cannot read IP mode file for STMicroelectronics.X-CUBE-DISPLAY.3.0.0
2024-02-29 16:59:57,589 [WARN] PackLoader:240 - Cannot read IP mode file for STMicroelectronics.X-CUBE-BLE1.7.0.0
2024-02-29 16:59:57,598 [WARN] PackLoader:240 - Cannot read IP mode file for emotas.I-CUBE-CANOPEN.1.3.0
2024-02-29 16:59:57,609 [WARN] PackLoader:240 - Cannot read IP mode file for STMicroelectronics.FP-SNS-SMARTAG2.1.2.0
2024-02-29 16:59:57,628 [INFO] LogOutputStream:77 - [STDOUT_REDIRECT] 1 : Invalid condition id : UX_CORESTACK_Condition cause : null
2024-02-29 16:59:57,628 [INFO] LogOutputStream:77 - [STDOUT_REDIRECT] 1 : Invalid condition id : UX_CORESTACK_Condition cause : null
2024-02-29 16:59:57,629 [INFO] LogOutputStream:77 - [STDOUT_REDIRECT] 1 : Invalid condition id : UX_CORESTACK_Condition cause : null
2024-02-29 16:59:57,629 [INFO] LogOutputStream:77 - [STDOUT_REDIRECT] 1 : Invalid condition id : UX_CORESTACK_Condition cause : null
2024-02-29 16:59:57,630 [INFO] LogOutputStream:77 - [STDOUT_REDIRECT] 1 : Invalid condition id : UX_CORESTACK_Condition cause : null
2024-02-29 16:59:57,635 [WARN] PackLoader:240 - Cannot read IP mode file for STMicroelectronics.X-CUBE-AZRTOS-WL.2.0.0
2024-02-29 16:59:57,648 [WARN] PackLoader:240 - Cannot read IP mode file for WES.I-CUBE-Cesium.1.3.0
2024-02-29 16:59:57,655 [WARN] PackLoader:240 - Cannot read IP mode file for STMicroelectronics.X-CUBE-BLE2.3.3.0
2024-02-29 16:59:57,669 [WARN] PackLoader:240 - Cannot read IP mode file for STMicroelectronics.X-CUBE-ALGOBUILD.1.3.0
2024-02-29 16:59:57,695 [WARN] PackLoader:240 - Cannot read IP mode file for STMicroelectronics.X-CUBE-AZRTOS-G0.1.1.0
2024-02-29 16:59:57,706 [WARN] PackLoader:240 - Cannot read IP mode file for STMicroelectronics.X-CUBE-NFC4.3.0.0
2024-02-29 16:59:57,725 [WARN] PackLoader:240 - Cannot read IP mode file for STMicroelectronics.X-CUBE-BLEMGR.3.0.0
2024-02-29 16:59:57,746 [WARN] PackLoader:240 - Cannot read IP mode file for STMicroelectronics.FP-ATR-SIGFOX1.3.2.0
2024-02-29 16:59:57,760 [WARN] PackLoader:240 - Cannot read IP mode file for STMicroelectronics.X-CUBE-EEPRMA1.5.1.0
2024-02-29 16:59:57,863 [WARN] PackLoader:240 - Cannot read IP mode file for SEGGER.I-CUBE-embOS.1.3.1
2024-02-29 16:59:57,961 [WARN] PackLoader:240 - Cannot read IP mode file for STMicroelectronics.X-CUBE-GNSS1.6.0.0
2024-02-29 16:59:57,988 [WARN] PackLoader:240 - Cannot read IP mode file for STMicroelectronics.X-CUBE-AZRTOS-F4.1.1.0
2024-02-29 16:59:57,997 [WARN] PackLoader:240 - Cannot read IP mode file for wolfSSL.I-CUBE-wolfSSL.5.6.6
2024-02-29 16:59:58,021 [WARN] PackLoader:240 - Cannot read IP mode file for STMicroelectronics.X-CUBE-AZRTOS-L5.2.0.0
2024-02-29 16:59:58,034 [WARN] PackLoader:240 - Cannot read IP mode file for ITTIA_DB.I-CUBE-ITTIADB.8.8.0
2024-02-29 16:59:58,042 [WARN] PackLoader:240 - Cannot read IP mode file for STMicroelectronics.X-CUBE-NFC7.1.0.1
2024-02-29 16:59:58,053 [WARN] PackLoader:240 - Cannot read IP mode file for STMicroelectronics.X-CUBE-NFC6.3.0.0
2024-02-29 16:59:58,063 [WARN] PackLoader:240 - Cannot read IP mode file for STMicroelectronics.X-CUBE-AI.8.1.0
2024-02-29 16:59:58,090 [WARN] ConditionMgr:438 - getConditionDescription Invalid condition id : LAN8742 Phy interface Condition cause : null
2024-02-29 16:59:58,092 [WARN] PackLoader:240 - Cannot read IP mode file for STMicroelectronics.X-CUBE-AZRTOS-L4.2.0.0
2024-02-29 16:59:58,095 [WARN] ConditionMgr:1039 - genDependencies : Invalid condition id : LAN8742 Phy interface Condition cause : null
2024-02-29 16:59:58,096 [WARN] ConditionMgr:1039 - genDependencies : Invalid condition id : LAN8742 Phy interface Condition cause : null
2024-02-29 16:59:58,097 [WARN] ConditionMgr:1039 - genDependencies : Invalid condition id : LAN8742 Phy interface Condition cause : null
2024-02-29 16:59:58,109 [WARN] PackLoader:240 - Cannot read IP mode file for STMicroelectronics.X-CUBE-SFXS2LP1.4.0.0
2024-02-29 16:59:58,130 [WARN] ConditionMgr:438 - getConditionDescription Invalid condition id : UX DEVICE CLASS RTOS Condition cause : null
2024-02-29 16:59:58,130 [WARN] ConditionMgr:438 - getConditionDescription Invalid condition id : UX DEVICE CLASS RTOS Condition cause : null
2024-02-29 16:59:58,134 [WARN] PackLoader:240 - Cannot read IP mode file for STMicroelectronics.X-CUBE-AZRTOS-WB.2.0.0
2024-02-29 16:59:58,135 [WARN] ConditionMgr:1039 - genDependencies : Invalid condition id : UX DEVICE CLASS RTOS Condition cause : null
2024-02-29 16:59:58,136 [WARN] ConditionMgr:1039 - genDependencies : Invalid condition id : UX DEVICE CLASS RTOS Condition cause : null
2024-02-29 16:59:58,137 [WARN] ConditionMgr:1039 - genDependencies : Invalid condition id : UX DEVICE CLASS RTOS Condition cause : null
2024-02-29 16:59:58,138 [WARN] ConditionMgr:1039 - genDependencies : Invalid condition id : UX DEVICE CLASS RTOS Condition cause : null
2024-02-29 16:59:58,138 [WARN] ConditionMgr:1039 - genDependencies : Invalid condition id : UX DEVICE CLASS RTOS Condition cause : null
2024-02-29 16:59:58,154 [WARN] PackLoader:240 - Cannot read IP mode file for STMicroelectronics.X-CUBE-SUBG2.5.0.0
2024-02-29 16:59:58,186 [WARN] PackLoader:240 - Cannot read IP mode file for STMicroelectronics.X-CUBE-AZRTOS-G4.2.0.0
2024-02-29 16:59:58,205 [WARN] PackLoader:240 - Cannot read IP mode file for Infineon.AIROC-Wi-Fi-Bluetooth-STM32.1.5.1
2024-02-29 16:59:58,218 [WARN] PackLoader:240 - Cannot read IP mode file for STMicroelectronics.FP-SNS-MOTENVWB1.1.3.1
2024-02-29 16:59:58,223 [WARN] PackLoader:240 - Cannot read IP mode file for STMicroelectronics.X-CUBE-ISPU.2.0.0
2024-02-29 16:59:58,292 [WARN] PackLoader:240 - Cannot read IP mode file for STMicroelectronics.X-CUBE-MEMS1.10.0.0
2024-02-29 16:59:58,417 [INFO] WebApp:780 - Register for checkConnection events
2024-02-29 16:59:58,417 [INFO] WebApp:414 - Apply proxy settings
2024-02-29 16:59:58,417 [INFO] WebApp:499 - Chromium requires no authentication
2024-02-29 16:59:58,429 [INFO] WebApp:442 - Direct internet connection detected
2024-02-29 16:59:58,540 [WARN] PackLoader:240 - Cannot read IP mode file for STMicroelectronics.X-CUBE-FREERTOS.1.1.0
2024-02-29 16:59:58,547 [WARN] PackLoader:240 - Cannot read IP mode file for portGmbH.I-Cube-SoM-uGOAL.1.1.0
2024-02-29 16:59:58,553 [WARN] PackLoader:240 - Cannot read IP mode file for STMicroelectronics.X-CUBE-ALS.1.0.1
2024-02-29 16:59:58,559 [WARN] PackLoader:240 - Cannot read IP mode file for STMicroelectronics.FP-ATR-ASTRA1.2.0.0
2024-02-29 16:59:58,570 [WARN] PackLoader:240 - Cannot read IP mode file for STMicroelectronics.X-CUBE-TOF1.3.4.0
2024-02-29 16:59:58,608 [WARN] PackLoader:240 - Cannot read IP mode file for STMicroelectronics.X-CUBE-AZRTOS-H7.3.2.0
2024-02-29 16:59:58,614 [INFO] ThirdParty:978 - Integrity check success = true
2024-02-29 16:59:58,614 [INFO] IntegrityCheckThread:100 - exiting critical section [integrity check]
2024-02-29 16:59:58,614 [INFO] IntegrityCheckThread:103 - End integrity checks thread
2024-02-29 16:59:58,615 [INFO] ThirdParty:873 - entering critical section [close project]
2024-02-29 16:59:58,615 [INFO] ThirdParty:883 - exiting critical section [close project]
2024-02-29 16:59:58,618 [INFO] PinOutPanel:1499 - setPackage(No Configuration,No Configuration)
2024-02-29 16:59:58,623 [INFO] UtilMem:75 - Begin LoadConfig() Used Memory: 165302088 Bytes (455081984)
2024-02-29 16:59:58,624 [INFO] MicroXplorer:468 - Change Database Path : 
2024-02-29 16:59:58,624 [INFO] MicroXplorer:498 - Change Database Version : DB.6.0.100
2024-02-29 16:59:58,624 [INFO] OpenFileManager:312 - Change cursor
2024-02-29 16:59:58,650 [INFO] Mcu:2016 - Initializing MCU STM32L021K4Tx STM32L021K4Tx STM32L021K4T6
2024-02-29 16:59:58,729 [INFO] WebApp:192 - Starting web application
2024-02-29 16:59:58,729 [INFO] WebApp:544 - Web application path used /opt/st/stm32cubeide_1.14.0/plugins/com.st.stm32cube.common.mx_6.10.0.202311202037/db/plugins/mcufinder/reactClient1/index.html
2024-02-29 16:59:59,399 [INFO] Context:659 - Trying to add GPIOservice into a context  which must be forbidden
2024-02-29 16:59:59,781 [INFO] RtosManager:555 - Registered RTOS mode: class=CMSIS, group=RTOS, mode=CMSIS_V1, owner=FREERTOS
2024-02-29 16:59:59,781 [INFO] RtosManager:555 - Registered RTOS mode: class=CMSIS, group=RTOS2, mode=CMSIS_V2, owner=FREERTOS
2024-02-29 16:59:59,781 [INFO] RtosManager:555 - Registered RTOS mode: class=RTOS, group=Core, mode=CMSIS_V1, owner=FREERTOS
2024-02-29 16:59:59,781 [INFO] RtosManager:555 - Registered RTOS mode: class=RTOS, group=Core, mode=CMSIS_V2, owner=FREERTOS
2024-02-29 16:59:59,782 [WARN] ModelIntegratedComponent:184 - Missing modes for component STMicroelectronics:FreeRTOS:0.0.1:STMicroelectronics:RTOS:FreeRTOS:Core:::10.2.0:
2024-02-29 16:59:59,802 [WARN] ModelIntegratedComponent:63 - No mode defined for component null
2024-02-29 16:59:59,802 [WARN] ModelIntegratedComponent:63 - No mode defined for component null
2024-02-29 16:59:59,802 [WARN] ModelIntegratedComponent:63 - No mode defined for component null
2024-02-29 16:59:59,802 [WARN] ModelIntegratedComponent:63 - No mode defined for component null
2024-02-29 16:59:59,802 [WARN] ModelIntegratedComponent:63 - No mode defined for component null
2024-02-29 16:59:59,803 [WARN] ModelIntegratedComponent:63 - No mode defined for component null
2024-02-29 16:59:59,803 [WARN] ModelIntegratedComponent:63 - No mode defined for component null
2024-02-29 16:59:59,803 [WARN] ModelIntegratedComponent:63 - No mode defined for component null
2024-02-29 16:59:59,803 [WARN] ModelIntegratedComponent:63 - No mode defined for component null
2024-02-29 16:59:59,803 [WARN] ModelIntegratedComponent:63 - No mode defined for component null
2024-02-29 16:59:59,803 [WARN] ModelIntegratedComponent:63 - No mode defined for component null
2024-02-29 16:59:59,803 [WARN] ModelIntegratedComponent:63 - No mode defined for component null
2024-02-29 16:59:59,803 [WARN] ModelIntegratedComponent:63 - No mode defined for component null
2024-02-29 16:59:59,803 [WARN] ModelIntegratedComponent:63 - No mode defined for component null
2024-02-29 16:59:59,804 [WARN] ModelIntegratedComponent:63 - No mode defined for component null
2024-02-29 16:59:59,804 [WARN] ModelIntegratedComponent:63 - No mode defined for component null
2024-02-29 16:59:59,804 [WARN] ModelIntegratedComponent:63 - No mode defined for component null
2024-02-29 16:59:59,804 [WARN] ModelIntegratedComponent:63 - No mode defined for component null
2024-02-29 16:59:59,804 [WARN] ModelIntegratedComponent:63 - No mode defined for component null
2024-02-29 16:59:59,804 [WARN] ModelIntegratedComponent:63 - No mode defined for component null
2024-02-29 16:59:59,804 [WARN] ModelIntegratedComponent:63 - No mode defined for component null
2024-02-29 16:59:59,804 [WARN] ModelIntegratedComponent:63 - No mode defined for component null
2024-02-29 16:59:59,804 [WARN] ModelIntegratedComponent:63 - No mode defined for component null
2024-02-29 16:59:59,805 [WARN] ModelIntegratedComponent:63 - No mode defined for component null
2024-02-29 16:59:59,805 [WARN] ModelIntegratedComponent:63 - No mode defined for component null
2024-02-29 16:59:59,805 [WARN] ModelIntegratedComponent:63 - No mode defined for component null
2024-02-29 16:59:59,805 [WARN] ModelIntegratedComponent:63 - No mode defined for component null
2024-02-29 16:59:59,805 [WARN] ModelIntegratedComponent:63 - No mode defined for component null
2024-02-29 16:59:59,805 [WARN] ModelIntegratedComponent:63 - No mode defined for component null
2024-02-29 16:59:59,805 [WARN] ModelIntegratedComponent:63 - No mode defined for component null
2024-02-29 16:59:59,805 [WARN] ModelIntegratedComponent:63 - No mode defined for component null
2024-02-29 16:59:59,805 [WARN] ModelIntegratedComponent:63 - No mode defined for component null
2024-02-29 16:59:59,806 [WARN] ModelIntegratedComponent:63 - No mode defined for component null
2024-02-29 16:59:59,975 [INFO] ThirdPartyModel:298 - Start build external matchings
2024-02-29 17:00:00,322 [INFO] ThirdPartyModel:316 - End build external matchings
2024-02-29 17:00:00,352 [WARN] IP:2119 - AutoBaudRateEnableParam not found: check if there is a RefParameter without a condition.
2024-02-29 17:00:00,489 [INFO] UtilMem:75 - End LoadConfig() Used Memory: 339743912 Bytes (455081984)
2024-02-29 17:00:00,601 [INFO] ApiDb:581 - Connected to CubeFinder SQLite database (/users/bricpuis65/.stmcufinder/plugins/mcufinder/mcu/cube-finder-db.db)
2024-02-29 17:00:00,674 [INFO] ApiDb:668 - CubeFinder database Data Model version=2.1
2024-02-29 17:00:00,674 [INFO] ApiDb:669 - CubeFinder database Configuration version=3.0.39
2024-02-29 17:00:00,675 [INFO] ApiDb:670 - CubeFinder database generation date=2024-01-11 (1704964531)
2024-02-29 17:00:00,675 [INFO] ApiDb:671 - CubeFinder database FW Pack versions=[FP-ATR-ASTRA1_V2.0.0, FP-SNS-FLIGHT1_V5.0.1, FP-SNS-FLIGHT1_V5.0.2, FP-SNS-MOTENV1_V4.3.1, FP-SNS-MOTENV1_V4.3.2, FP-SNS-MOTENVWB1_V1.3.1, FP-SNS-SMARTAG2_V1.2.0, STM32Cube_FW_C0_V1.1.0, STM32Cube_FW_F4_V1.28.0, STM32Cube_FW_F7_V1.17.0, STM32Cube_FW_G0_V1.6.2, STM32Cube_FW_G4_V1.5.2, STM32Cube_FW_H5_V0.5.1, STM32Cube_FW_H5_V1.1.1, STM32Cube_FW_H5_V1.2.0RC2, STM32Cube_FW_H7_V1.11.0, STM32Cube_FW_L0_V1.12.2, STM32Cube_FW_L5_V1.5.0, STM32Cube_FW_U5_V1.3.0RC4, STM32Cube_FW_U5_V1.4.0, STM32Cube_FW_WBA_V1.0.0RC1, STM32Cube_FW_WBA_V1.1.0RC1, STM32Cube_FW_WBA_V1.2.0, STM32Cube_FW_WBA_V1.2.0RC2, STM32Cube_FW_WB_V1.15.0RC1, STM32Cube_FW_WB_V1.16.0, STM32Cube_FW_WB_V1.16.0RC2, STM32Cube_FW_WB_V1.18.0, STM32Cube_FW_WL_V1.3.0, X-CUBE-ALGOBUILD_V1.3.0, X-CUBE-ALS_V1.0.1, X-CUBE-AZRTOS-F4_V1.1.0, X-CUBE-AZRTOS-F7_V1.1.0, X-CUBE-AZRTOS-G0_V1.1.0, X-CUBE-AZRTOS-G4_V2.0.0, X-CUBE-AZRTOS-H7_V3.2.0, X-CUBE-AZRTOS-L4_V1.0.0, X-CUBE-AZRTOS-L4_V2.0.0, X-CUBE-AZRTOS-L5_V1.1.0, X-CUBE-AZRTOS-WB_V2.0.0, X-CUBE-AZRTOS-WL_V2.0.0, X-CUBE-BLE1_V7.0.0, X-CUBE-BLE2_V3.3.0, X-CUBE-BLEMGR_V3.0.0, X-CUBE-EEPRMA1_V4.1.0, X-CUBE-EEPRMA1_V4.2.0, X-CUBE-FREERTOS_V1.1.0, X-CUBE-GNSS1_V6.0.0, X-CUBE-MEMS1_V10.0.0, X-CUBE-MEMS1_V9.1.0, X-CUBE-MEMS1_V9.4.0, X-CUBE-MEMS1_V9.6.0, X-CUBE-NFC4_V3.0.0, X-CUBE-NFC7_V1.0.1, X-CUBE-SFXS2LP1_V4.0.0, X-CUBE-SUBG2_V5.0.0, X-CUBE-TOF1_V3.4.0]
2024-02-29 17:00:03,735 [INFO] ApiDb:240 - Found 371 in-development CPN: [B-G473E-ZEST1S, B-WB1M-WPAN1, B-WL5M-SUBG1, NUCLEO-C031C6, NUCLEO-H503RB, NUCLEO-H563ZI, NUCLEO-U545RE-Q, NUCLEO-U5A5ZJ-Q, NUCLEO-WBA52CG, NUCLEO-WBA55CG, STEVAL-MKBOXPRO, STEVAL-PROTEUS1, STEVAL-STWINBX1, STM320518-EVAL, STM32C0116-DK, STM32C011D6Y3TR, STM32C011D6Y6TR, STM32C011F4P3, STM32C011F4P6, STM32C011F4U3, STM32C011F4U6TR, STM32C011F6P3, STM32C011F6P6, STM32C011F6U3, STM32C011F6U6TR, STM32C011J4M3, STM32C011J4M6, STM32C011J6M3, STM32C011J6M6, STM32C0316-DK, STM32C031C4T3, STM32C031C4T6, STM32C031C4U3, STM32C031C4U6, STM32C031C6T3, STM32C031C6T6, STM32C031C6U3, STM32C031C6U6, STM32C031F4P3, STM32C031F4P6, STM32C031F6P3, STM32C031F6P6, STM32C031G4U3, STM32C031G4U6, STM32C031G6U3, STM32C031G6U6, STM32C031K4T3, STM32C031K4T6, STM32C031K4U3, STM32C031K4U6, STM32C031K6T3, STM32C031K6T6, STM32C031K6U3, STM32C031K6U6, STM32G071K8TXN, STM32G071K8UXN, STM32G081GBU6N, STM32G081KBT6N, STM32G081KBUXN, STM32G0B1CCT6N, STM32G0B1KCT6, STM32G0B1NEY6TR, STM32G0B1RCT6N, STM32G0C1CCT6, STM32G0C1CCT6N, STM32G0C1CCU6N, STM32G0C1CET6N, STM32G0C1CEU6N, STM32G0C1KCT6, STM32G0C1NEY6TR, STM32G0C1RCI6N, STM32G0C1RCT6N, STM32G0C1REI6N, STM32G0C1RET6N, STM32G0C1VCI6, STM32G0C1VEI6, STM32G471CCT6, STM32G471CCU6, STM32G471CET3, STM32G471CET6, STM32G471CEU3, STM32G471CEU6, STM32G471MCT6, STM32G471MET3, STM32G471MET6, STM32G471MEY6TR, STM32G471QCT6, STM32G471QET3, STM32G471RCT6, STM32G471RET3, STM32G471RET6, STM32G471VCH6, STM32G471VCI6, STM32G471VCT6, STM32G471VEH3, STM32G471VEH6, STM32G471VEI3, STM32G471VEI6, STM32G471VET3, STM32G471VET6, STM32G474CCT6, STM32H503CBT6, STM32H503CBU6, STM32H503EBY6TR, STM32H503KBU6, STM32H503RBT6, STM32H562AGI6, STM32H562AII6, STM32H562IGK6, STM32H562IGT6, STM32H562IIK6, STM32H562IIT6, STM32H562RGT6, STM32H562RGV6, STM32H562RIT6, STM32H562RIV6, STM32H562VGT6, STM32H562VIT6, STM32H562ZGT6, STM32H562ZIT6, STM32H563AGI6, STM32H563AII3Q, STM32H563AII6, STM32H563IGK6, STM32H563IGT6, STM32H563IIK3Q, STM32H563IIK6, STM32H563IIT3Q, STM32H563IIT6, STM32H563MIY3QTR, STM32H563RGT6, STM32H563RGV6, STM32H563RIT6, STM32H563RIV6, STM32H563VGT6, STM32H563VIT3Q, STM32H563VIT6, STM32H563ZGT6, STM32H563ZIT3Q, STM32H563ZIT6, STM32H573AII3Q, STM32H573AII6, STM32H573I-DK, STM32H573IIK3Q, STM32H573IIK6, STM32H573IIT3Q, STM32H573IIT6, STM32H573MIY3QTR, STM32H573RIT6, STM32H573RIV6, STM32H573VIT3Q, STM32H573VIT6, STM32H573ZIT3Q, STM32H573ZIT6, STM32L4R5QGI6STR, STM32MP131AAE3, STM32MP131AAF3, STM32MP131AAG3, STM32MP131CAE3, STM32MP131CAF3, STM32MP131CAG3, STM32MP131DAE7, STM32MP131DAF7, STM32MP131DAG7, STM32MP131FAE7, STM32MP131FAF7, STM32MP131FAG7, STM32MP133AAE3, STM32MP133AAF3, STM32MP133AAG3, STM32MP133CAE3, STM32MP133CAF3, STM32MP133CAG3, STM32MP133DAE7, STM32MP133DAF7, STM32MP133DAG7, STM32MP133FAE7, STM32MP133FAF7, STM32MP133FAG7, STM32MP135AAE3, STM32MP135AAF3, STM32MP135AAG3, STM32MP135CAE3, STM32MP135CAF3, STM32MP135CAG3, STM32MP135DAE7, STM32MP135DAF7, STM32MP135DAG7, STM32MP135F-DK, STM32MP135FAE7, STM32MP135FAF7, STM32MP135FAF7T, STM32MP135FAF7U, STM32MP135FAG7, STM32U535CBT6, STM32U535CBT6Q, STM32U535CBU6, STM32U535CBU6Q, STM32U535CCT6, STM32U535CCT6Q, STM32U535CCU6, STM32U535CCU6Q, STM32U535CET6, STM32U535CET6Q, STM32U535CEU6, STM32U535CEU6Q, STM32U535JEY6QTR, STM32U535NCY6QTR, STM32U535NEY6QTR, STM32U535RBI6, STM32U535RBI6Q, STM32U535RBT6, STM32U535RBT6Q, STM32U535RCI6, STM32U535RCI6Q, STM32U535RCT6, STM32U535RCT6Q, STM32U535REI6, STM32U535REI6Q, STM32U535RET6, STM32U535RET6Q, STM32U535VCI6, STM32U535VCI6Q, STM32U535VCT6, STM32U535VCT6Q, STM32U535VEI6, STM32U535VEI6Q, STM32U535VET6, STM32U535VET6Q, STM32U545CET6, STM32U545CET6Q, STM32U545CEU6, STM32U545CEU6Q, STM32U545JEY6QTR, STM32U545NEY6QTR, STM32U545REI6, STM32U545REI6Q, STM32U545RET6, STM32U545RET6Q, STM32U545VEI6, STM32U545VEI6Q, STM32U545VET6, STM32U545VET6Q, STM32U595AIH6, STM32U595AIH6Q, STM32U595AJH6, STM32U595AJH6Q, STM32U595QII6, STM32U595QII6Q, STM32U595QJI6, STM32U595QJI6Q, STM32U595RIT6, STM32U595RIT6Q, STM32U595RJT6, STM32U595RJT6Q, STM32U595VIT6, STM32U595VIT6Q, STM32U595VJT6, STM32U595VJT6Q, STM32U595ZIT6, STM32U595ZIT6Q, STM32U595ZIY6QTR, STM32U595ZJT6, STM32U595ZJT6Q, STM32U595ZJY6QTR, STM32U599BJY6QTR, STM32U599NIH6Q, STM32U599NJH6Q, STM32U599VIT6Q, STM32U599VJT6, STM32U599VJT6Q, STM32U599ZIT6Q, STM32U599ZIY6QTR, STM32U599ZJT6Q, STM32U599ZJY6QTR, STM32U5A5AJH6, STM32U5A5AJH6Q, STM32U5A5QJI6, STM32U5A5QJI6Q, STM32U5A5RJT6, STM32U5A5RJT6Q, STM32U5A5VJT6, STM32U5A5VJT6Q, STM32U5A5ZJT6, STM32U5A5ZJT6Q, STM32U5A5ZJY6QTR, STM32U5A9BJY6QTR, STM32U5A9J-DK, STM32U5A9NJH6Q, STM32U5A9VJT6Q, STM32U5A9ZJT6Q, STM32U5A9ZJY6QTR, STM32U5F7VIT6, STM32U5F7VIT6Q, STM32U5F7VJT6, STM32U5F7VJT6Q, STM32U5F9BJY6QTR, STM32U5F9NJH6Q, STM32U5F9VIT6Q, STM32U5F9VJT6Q, STM32U5F9ZIJ6QTR, STM32U5F9ZIT6Q, STM32U5F9ZJJ6QTR, STM32U5F9ZJT6Q, STM32U5G7VJT6, STM32U5G7VJT6Q, STM32U5G9BJY6QTR, STM32U5G9J-DK1, STM32U5G9J-DK2, STM32U5G9NJH6Q, STM32U5G9VJT6Q, STM32U5G9ZJJ6QTR, STM32U5G9ZJT6Q, STM32WB1MMCH6, STM32WBA50KEU6, STM32WBA50KEU6TR, STM32WBA50KGU6, STM32WBA50KGU6TR, STM32WBA52CEU6, STM32WBA52CEU6TR, STM32WBA52CEU7, STM32WBA52CEU7TR, STM32WBA52CGU6, STM32WBA52CGU6TR, STM32WBA52CGU6U, STM32WBA52CGU7, STM32WBA52CGU7TR, STM32WBA52KEU6, STM32WBA52KEU6TR, STM32WBA52KGU6, STM32WBA52KGU6TR, STM32WBA54CEU6, STM32WBA54CEU6TR, STM32WBA54CEU7, STM32WBA54CEU7TR, STM32WBA54CGU6, STM32WBA54CGU6TR, STM32WBA54CGU7, STM32WBA54CGU7TR, STM32WBA54KEU6, STM32WBA54KEU6TR, STM32WBA54KEU7, STM32WBA54KEU7TR, STM32WBA54KGU6, STM32WBA54KGU6TR, STM32WBA54KGU7, STM32WBA54KGU7TR, STM32WBA55CEU6, STM32WBA55CEU6TR, STM32WBA55CEU7, STM32WBA55CEU7TR, STM32WBA55CGU6, STM32WBA55CGU6TR, STM32WBA55CGU6U, STM32WBA55CGU7, STM32WBA55CGU7TR, STM32WBA55G-DK1, STM32WBA55HEF6, STM32WBA55HEF7, STM32WBA55HGF6, STM32WBA55HGF7, STM32WBA55UEI6, STM32WBA55UEI6TR, STM32WBA55UEI7, STM32WBA55UEI7TR, STM32WBA55UGI6, STM32WBA55UGI6TR, STM32WBA55UGI7, STM32WBA55UGI7TR, STM32WL5MOCH6, STM32WL5MOCH6TR]
2024-02-29 17:00:03,743 [INFO] DbMcus:218 - Found 3930 MCUs, 3930 are supported
2024-02-29 17:00:03,744 [INFO] ApiDb:423 - Load user favorites file /users/bricpuis65/.stm32cubeide/favorites.mcus.txt: 0 item(s)
2024-02-29 17:00:03,744 [INFO] ApiDb:427 - User favorites MCUs=[]
2024-02-29 17:00:03,744 [INFO] DbMcus:224 - Set 0 / 0 favorites MCUs
2024-02-29 17:00:04,282 [INFO] MicroXplorer:468 - Change Database Path : 
2024-02-29 17:00:04,282 [INFO] MicroXplorer:498 - Change Database Version : DB.6.0.100
2024-02-29 17:00:04,282 [WARN] ThirdParty:833 - waiting for thirdparty lock release [change project]
2024-02-29 17:00:04,282 [INFO] ThirdParty:835 - entering critical section [change project]
2024-02-29 17:00:04,282 [INFO] ThirdParty:1030 - CMSIS Pack Vendor :STMicroelectronics USBPD 4.1
2024-02-29 17:00:04,283 [INFO] ThirdParty:1030 - CMSIS Pack Vendor :STMicroelectronics X-CUBE-GNSS1 6.0.0
2024-02-29 17:00:04,283 [INFO] ThirdParty:1030 - CMSIS Pack Vendor :STMicroelectronics USB_HOST 2.0.0
2024-02-29 17:00:04,283 [INFO] ThirdParty:1030 - CMSIS Pack Vendor :STMicroelectronics X-CUBE-AZRTOS-F4 1.1.0
2024-02-29 17:00:04,283 [INFO] ThirdParty:1030 - CMSIS Pack Vendor :STMicroelectronics LIBJPEG 8.0.0
2024-02-29 17:00:04,283 [INFO] ThirdParty:1030 - CMSIS Pack Vendor :STMicroelectronics X-CUBE-SMBUS 2.1.0
2024-02-29 17:00:04,283 [INFO] ThirdParty:1030 - CMSIS Pack Vendor :STMicroelectronics USB_DEVICE 3.0.0
2024-02-29 17:00:04,283 [INFO] ThirdParty:1030 - CMSIS Pack Vendor :STMicroelectronics X-CUBE-AZRTOS-WB 2.0.0
2024-02-29 17:00:04,283 [INFO] ThirdParty:1030 - CMSIS Pack Vendor :wolfSSL I-CUBE-wolfSSL 5.6.6
2024-02-29 17:00:04,283 [INFO] ThirdParty:1030 - CMSIS Pack Vendor :STMicroelectronics X-CUBE-TOUCHGFX 4.23.0
2024-02-29 17:00:04,284 [INFO] ThirdParty:1030 - CMSIS Pack Vendor :STMicroelectronics X-CUBE-AZRTOS-F7 1.1.0
2024-02-29 17:00:04,284 [INFO] ThirdParty:1030 - CMSIS Pack Vendor :STMicroelectronics X-CUBE-AZRTOS-L5 2.0.0
2024-02-29 17:00:04,284 [INFO] ThirdParty:1030 - CMSIS Pack Vendor :STMicroelectronics USB_DEVICE 2.0.0
2024-02-29 17:00:04,284 [INFO] ThirdParty:1030 - CMSIS Pack Vendor :ITTIA_DB I-CUBE-ITTIADB 8.8.0
2024-02-29 17:00:04,284 [INFO] ThirdParty:1030 - CMSIS Pack Vendor :STMicroelectronics FP-SNS-MOTENV1 4.3.2
2024-02-29 17:00:04,284 [INFO] ThirdParty:1030 - CMSIS Pack Vendor :STMicroelectronics X-CUBE-ALGOBUILD 1.3.0
2024-02-29 17:00:04,284 [INFO] ThirdParty:1030 - CMSIS Pack Vendor :STMicroelectronics FreeRTOS 0.0.1
2024-02-29 17:00:04,284 [INFO] ThirdParty:1030 - CMSIS Pack Vendor :STMicroelectronics X-CUBE-AZRTOS-G0 1.1.0
2024-02-29 17:00:04,284 [INFO] ThirdParty:1030 - CMSIS Pack Vendor :STMicroelectronics X-CUBE-NFC4 3.0.0
2024-02-29 17:00:04,285 [INFO] ThirdParty:1030 - CMSIS Pack Vendor :STMicroelectronics X-CUBE-SUBG2 5.0.0
2024-02-29 17:00:04,285 [INFO] ThirdParty:1030 - CMSIS Pack Vendor :STMicroelectronics STM32_WPAN 1.0.0
2024-02-29 17:00:04,285 [INFO] ThirdParty:1030 - CMSIS Pack Vendor :STMicroelectronics lwIP 2.0.3
2024-02-29 17:00:04,285 [INFO] ThirdParty:1030 - CMSIS Pack Vendor :STMicroelectronics FP-SNS-FLIGHT1 5.0.2
2024-02-29 17:00:04,285 [INFO] ThirdParty:1030 - CMSIS Pack Vendor :STMicroelectronics USB_HOST 1.0.0
2024-02-29 17:00:04,285 [INFO] ThirdParty:1030 - CMSIS Pack Vendor :STMicroelectronics X-CUBE-AZRTOS-G4 2.0.0
2024-02-29 17:00:04,285 [INFO] ThirdParty:1030 - CMSIS Pack Vendor :STMicroelectronics PDM2PCM 3.1.0
2024-02-29 17:00:04,285 [INFO] ThirdParty:1030 - CMSIS Pack Vendor :Infineon AIROC-Wi-Fi-Bluetooth-STM32 1.5.1
2024-02-29 17:00:04,285 [INFO] ThirdParty:1030 - CMSIS Pack Vendor :STMicroelectronics X-CUBE-BLEMGR 3.0.0
2024-02-29 17:00:04,285 [INFO] ThirdParty:1030 - CMSIS Pack Vendor :STMicroelectronics PDM2PCM 3.3.0
2024-02-29 17:00:04,286 [INFO] ThirdParty:1030 - CMSIS Pack Vendor :STMicroelectronics X-CUBE-DISPLAY 3.0.0
2024-02-29 17:00:04,286 [INFO] ThirdParty:1030 - CMSIS Pack Vendor :STMicroelectronics FP-SNS-MOTENVWB1 1.3.1
2024-02-29 17:00:04,286 [INFO] ThirdParty:1030 - CMSIS Pack Vendor :STMicroelectronics X-CUBE-BLE1 7.0.0
2024-02-29 17:00:04,286 [INFO] ThirdParty:1030 - CMSIS Pack Vendor :STMicroelectronics FP-ATR-SIGFOX1 3.2.0
2024-02-29 17:00:04,286 [INFO] ThirdParty:1030 - CMSIS Pack Vendor :STMicroelectronics X-CUBE-ISPU 2.0.0
2024-02-29 17:00:04,286 [INFO] ThirdParty:1030 - CMSIS Pack Vendor :STMicroelectronics X-CUBE-EEPRMA1 5.1.0
2024-02-29 17:00:04,286 [INFO] ThirdParty:1030 - CMSIS Pack Vendor :STMicroelectronics HAL Drivers 0.0.0
2024-02-29 17:00:04,286 [INFO] ThirdParty:1030 - CMSIS Pack Vendor :STMicroelectronics MBEDTLS 2.16.2
2024-02-29 17:00:04,286 [INFO] ThirdParty:1030 - CMSIS Pack Vendor :emotas I-CUBE-CANOPEN 1.3.0
2024-02-29 17:00:04,286 [INFO] ThirdParty:1030 - CMSIS Pack Vendor :STMicroelectronics X-CUBE-MEMS1 10.0.0
2024-02-29 17:00:04,287 [INFO] ThirdParty:1030 - CMSIS Pack Vendor :STMicroelectronics X-CUBE-FREERTOS 1.1.0
2024-02-29 17:00:04,287 [INFO] ThirdParty:1030 - CMSIS Pack Vendor :STMicroelectronics X-CUBE-NFC7 1.0.1
2024-02-29 17:00:04,287 [INFO] ThirdParty:1030 - CMSIS Pack Vendor :STMicroelectronics MBEDTLS 2.14.1
2024-02-29 17:00:04,287 [INFO] ThirdParty:1030 - CMSIS Pack Vendor :STMicroelectronics X-CUBE-NFC6 3.0.0
2024-02-29 17:00:04,287 [INFO] ThirdParty:1030 - CMSIS Pack Vendor :portGmbH I-Cube-SoM-uGOAL 1.1.0
2024-02-29 17:00:04,287 [INFO] ThirdParty:1030 - CMSIS Pack Vendor :STMicroelectronics X-CUBE-ALS 1.0.1
2024-02-29 17:00:04,287 [INFO] ThirdParty:1030 - CMSIS Pack Vendor :STMicroelectronics ThreadX 1.0.0
2024-02-29 17:00:04,287 [INFO] ThirdParty:1030 - CMSIS Pack Vendor :STMicroelectronics FP-SNS-SMARTAG2 1.2.0
2024-02-29 17:00:04,287 [INFO] ThirdParty:1030 - CMSIS Pack Vendor :STMicroelectronics X-CUBE-AZRTOS-WL 2.0.0
2024-02-29 17:00:04,288 [INFO] ThirdParty:1030 - CMSIS Pack Vendor :SEGGER I-CUBE-embOS 1.3.1
2024-02-29 17:00:04,288 [INFO] ThirdParty:1030 - CMSIS Pack Vendor :STMicroelectronics USB_DEVICE 1.0.0
2024-02-29 17:00:04,288 [INFO] ThirdParty:1030 - CMSIS Pack Vendor :STMicroelectronics X-CUBE-AI 8.1.0
2024-02-29 17:00:04,288 [INFO] ThirdParty:1030 - CMSIS Pack Vendor :STMicroelectronics X-CUBE-AZRTOS-L4 2.0.0
2024-02-29 17:00:04,288 [INFO] ThirdParty:1030 - CMSIS Pack Vendor :STMicroelectronics ThreadX 0.0.2
2024-02-29 17:00:04,288 [INFO] ThirdParty:1030 - CMSIS Pack Vendor :WES I-CUBE-Cesium 1.3.0
2024-02-29 17:00:04,288 [INFO] ThirdParty:1030 - CMSIS Pack Vendor :STMicroelectronics FP-ATR-ASTRA1 2.0.0
2024-02-29 17:00:04,288 [INFO] ThirdParty:1030 - CMSIS Pack Vendor :STMicroelectronics lwIP 2.1.2
2024-02-29 17:00:04,288 [INFO] ThirdParty:1030 - CMSIS Pack Vendor :STMicroelectronics X-CUBE-SFXS2LP1 4.0.0
2024-02-29 17:00:04,289 [INFO] ThirdParty:1030 - CMSIS Pack Vendor :STMicroelectronics X-CUBE-BLE2 3.3.0
2024-02-29 17:00:04,289 [INFO] ThirdParty:1030 - CMSIS Pack Vendor :STMicroelectronics X-CUBE-TOF1 3.4.0
2024-02-29 17:00:04,289 [INFO] ThirdParty:1030 - CMSIS Pack Vendor :STMicroelectronics X-CUBE-AZRTOS-H7 3.2.0
2024-02-29 17:00:04,289 [INFO] ThirdParty:1030 - CMSIS Pack Vendor :STMicroelectronics PDM2PCM 3.2.0
2024-02-29 17:00:04,289 [INFO] ThirdParty:841 - exiting critical section [change project]
2024-02-29 17:00:04,617 [INFO] PinOutPanel:1499 - setPackage(No Configuration,No Configuration)
2024-02-29 17:00:04,619 [INFO] PinOutPanel:1499 - setPackage(STM32L021K4Tx,LQFP32)
2024-02-29 17:00:05,452 [INFO] UtilMem:75 - Before build in PCC Used Memory: 189951768 Bytes (455081984)
2024-02-29 17:00:06,394 [INFO] UtilMem:75 - After build in PCC Used Memory: 323310560 Bytes (455081984)
2024-02-29 17:00:06,435 [INFO] IPUIPlugin:80 - create IPUIPlugin
2024-02-29 17:00:06,435 [INFO] IPUIPlugin:80 - create IPUIPlugin
2024-02-29 17:00:06,435 [INFO] IPUIPlugin:80 - create IPUIPlugin
2024-02-29 17:00:06,435 [INFO] IPUIPlugin:80 - create IPUIPlugin
2024-02-29 17:00:06,436 [INFO] IPUIPlugin:80 - create IPUIPlugin
2024-02-29 17:00:06,436 [INFO] IPUIPlugin:80 - create IPUIPlugin
2024-02-29 17:00:06,436 [INFO] IPUIPlugin:80 - create IPUIPlugin
2024-02-29 17:00:06,436 [INFO] IPUIPlugin:80 - create IPUIPlugin
2024-02-29 17:00:06,436 [INFO] IPUIPlugin:80 - create IPUIPlugin
2024-02-29 17:00:06,437 [INFO] IPUIPlugin:80 - create IPUIPlugin
2024-02-29 17:00:06,437 [INFO] IPUIPlugin:80 - create IPUIPlugin
2024-02-29 17:00:06,437 [INFO] IPUIPlugin:80 - create IPUIPlugin
2024-02-29 17:00:06,437 [INFO] IPUIPlugin:80 - create IPUIPlugin
2024-02-29 17:00:06,438 [INFO] IPUIPlugin:80 - create IPUIPlugin
2024-02-29 17:00:06,438 [INFO] IPUIPlugin:80 - create IPUIPlugin
2024-02-29 17:00:06,438 [INFO] IPUIPlugin:80 - create IPUIPlugin
2024-02-29 17:00:06,439 [INFO] IPUIPlugin:80 - create IPUIPlugin
2024-02-29 17:00:06,439 [INFO] IPUIPlugin:80 - create IPUIPlugin
2024-02-29 17:00:06,439 [INFO] IPUIPlugin:80 - create IPUIPlugin
2024-02-29 17:00:06,439 [INFO] IPUIPlugin:80 - create IPUIPlugin
2024-02-29 17:00:06,440 [INFO] IPUIPlugin:80 - create IPUIPlugin
2024-02-29 17:00:06,440 [INFO] IPUIPlugin:80 - create IPUIPlugin
2024-02-29 17:00:06,459 [WARN] IP:2119 - AutoBaudRateEnableParam not found: check if there is a RefParameter without a condition.
2024-02-29 17:00:06,679 [INFO] CADModel:165 - CPN selected for project levelSTM32L021K4T6
2024-02-29 17:00:06,679 [INFO] CADModel:114 - Register for checkConnection events
2024-02-29 17:00:06,721 [INFO] OpenFileManager:343 - Restore cursor
2024-02-29 17:00:06,984 [WARN] IP:2119 - AutoBaudRateEnableParam not found: check if there is a RefParameter without a condition.
2024-02-29 17:00:06,986 [WARN] IP:2119 - AutoBaudRateEnableParam not found: check if there is a RefParameter without a condition.
2024-02-29 17:00:19,344 [ERROR] LogOutputStream:75 - [STDERR_REDIRECT] SLF4J: Failed to load class "org.slf4j.impl.StaticLoggerBinder".
2024-02-29 17:00:19,344 [ERROR] LogOutputStream:75 - [STDERR_REDIRECT] SLF4J: Defaulting to no-operation (NOP) logger implementation
2024-02-29 17:00:19,344 [ERROR] LogOutputStream:75 - [STDERR_REDIRECT] SLF4J: See http://www.slf4j.org/codes.html#StaticLoggerBinder for further details.
2024-02-29 17:01:36,075 [INFO] UtilMem:75 - End SaveConfig() Used Memory: 695366288 Bytes (902823936)
2024-02-29 17:01:37,912 [INFO] UtilMem:75 - End SaveConfig() Used Memory: 713468840 Bytes (902823936)
2024-02-29 17:07:07,817 [WARN] IP:2119 - AutoBaudRateEnableParam not found: check if there is a RefParameter without a condition.
2024-02-29 17:07:07,882 [WARN] IP:2119 - AutoBaudRateEnableParam not found: check if there is a RefParameter without a condition.
2024-02-29 17:07:07,884 [WARN] IP:2119 - AutoBaudRateEnableParam not found: check if there is a RefParameter without a condition.
2024-02-29 17:07:17,691 [WARN] IP:2119 - AutoBaudRateEnableParam not found: check if there is a RefParameter without a condition.
2024-02-29 17:07:17,693 [WARN] IP:2119 - AutoBaudRateEnableParam not found: check if there is a RefParameter without a condition.
2024-02-29 17:07:17,792 [WARN] IP:2119 - AutoBaudRateEnableParam not found: check if there is a RefParameter without a condition.
2024-02-29 17:07:17,866 [WARN] IP:2119 - AutoBaudRateEnableParam not found: check if there is a RefParameter without a condition.
2024-02-29 17:07:20,314 [WARN] IP:2119 - AutoBaudRateEnableParam not found: check if there is a RefParameter without a condition.
2024-02-29 17:07:20,315 [WARN] IP:2119 - AutoBaudRateEnableParam not found: check if there is a RefParameter without a condition.
2024-02-29 17:07:20,398 [WARN] IP:2119 - AutoBaudRateEnableParam not found: check if there is a RefParameter without a condition.
2024-02-29 17:07:20,460 [WARN] IP:2119 - AutoBaudRateEnableParam not found: check if there is a RefParameter without a condition.
2024-02-29 17:07:40,821 [INFO] UtilMem:75 - End SaveConfig() Used Memory: 592530200 Bytes (998244352)
2024-02-29 17:07:42,664 [INFO] UtilMem:75 - End SaveConfig() Used Memory: 646229048 Bytes (998244352)
2024-02-29 17:08:24,274 [INFO] McuFinderGlobals:63 - Set McuFinder mode to 2 (CubeIDE integrated)
2024-02-29 17:08:24,275 [INFO] UserAuth:180 - activating auth plugin
2024-02-29 17:08:24,280 [INFO] UserAuth:404 - Internet connection configuration mode: 1
2024-02-29 17:08:39,731 [ERROR] LogOutputStream:75 - [STDERR_REDIRECT] Exception in thread "Browser Thread: 09eda3c4-c983-4395-b861-835841f867f8" com.teamdev.jxbrowser.ObjectClosedException: Attempted to use a closed object.
2024-02-29 17:08:39,731 [ERROR] LogOutputStream:75 - [STDERR_REDIRECT] You're trying to call a method of a closed object. Usually, it happens when you
2024-02-29 17:08:39,732 [ERROR] LogOutputStream:75 - [STDERR_REDIRECT] call the `close()` method of an object (or its owner) prior to calling methods
2024-02-29 17:08:39,732 [ERROR] LogOutputStream:75 - [STDERR_REDIRECT] of that object.
2024-02-29 17:08:39,732 [ERROR] LogOutputStream:75 - [STDERR_REDIRECT] Another common cause of this exception is working with cached DOM or JavaScript
2024-02-29 17:08:39,733 [ERROR] LogOutputStream:75 - [STDERR_REDIRECT] objects. For example, if you navigate to another web page and try to call
2024-02-29 17:08:39,733 [ERROR] LogOutputStream:75 - [STDERR_REDIRECT] a method of a DOM or a JavaScript object from the previous page, you will get
2024-02-29 17:08:39,733 [ERROR] LogOutputStream:75 - [STDERR_REDIRECT] this exception.
2024-02-29 17:08:39,734 [ERROR] LogOutputStream:75 - [STDERR_REDIRECT] It's also possible that the native Chromium process has crashed. In that case,
2024-02-29 17:08:39,734 [ERROR] LogOutputStream:75 - [STDERR_REDIRECT] all the objects that belong to that process are closed automatically.
2024-02-29 17:08:39,734 [ERROR] LogOutputStream:75 - [STDERR_REDIRECT] The following article explains this exception in detail: https://links.teamdev.com/jxbrowser-object-closed-exception
2024-02-29 17:08:39,735 [ERROR] LogOutputStream:75 - [STDERR_REDIRECT] 	at com.teamdev.jxbrowser.internal.CloseableImpl.checkNotClosed(CloseableImpl.java:41)
2024-02-29 17:08:39,735 [ERROR] LogOutputStream:75 - [STDERR_REDIRECT] 	at com.teamdev.jxbrowser.dom.internal.ElementImpl.hasAttribute(ElementImpl.java:101)
2024-02-29 17:08:39,735 [ERROR] LogOutputStream:75 - [STDERR_REDIRECT] 	at com.st.microxplorer.plugins.userauth.WebApp.lambda$findHyperLink$27(WebApp.java:761)
2024-02-29 17:08:39,735 [ERROR] LogOutputStream:75 - [STDERR_REDIRECT] 	at java.base/java.util.stream.ReferencePipeline$2$1.accept(ReferencePipeline.java:178)
2024-02-29 17:08:39,736 [ERROR] LogOutputStream:75 - [STDERR_REDIRECT] 	at java.base/java.util.ArrayList$ArrayListSpliterator.tryAdvance(ArrayList.java:1602)
2024-02-29 17:08:39,736 [ERROR] LogOutputStream:75 - [STDERR_REDIRECT] 	at java.base/java.util.stream.ReferencePipeline.forEachWithCancel(ReferencePipeline.java:129)
2024-02-29 17:08:39,736 [ERROR] LogOutputStream:75 - [STDERR_REDIRECT] 	at java.base/java.util.stream.AbstractPipeline.copyIntoWithCancel(AbstractPipeline.java:527)
2024-02-29 17:08:39,736 [ERROR] LogOutputStream:75 - [STDERR_REDIRECT] 	at java.base/java.util.stream.AbstractPipeline.copyInto(AbstractPipeline.java:513)
2024-02-29 17:08:39,737 [ERROR] LogOutputStream:75 - [STDERR_REDIRECT] 	at java.base/java.util.stream.AbstractPipeline.wrapAndCopyInto(AbstractPipeline.java:499)
2024-02-29 17:08:39,737 [ERROR] LogOutputStream:75 - [STDERR_REDIRECT] 	at java.base/java.util.stream.FindOps$FindOp.evaluateSequential(FindOps.java:150)
2024-02-29 17:08:39,737 [ERROR] LogOutputStream:75 - [STDERR_REDIRECT] 	at java.base/java.util.stream.AbstractPipeline.evaluate(AbstractPipeline.java:234)
2024-02-29 17:08:39,737 [ERROR] LogOutputStream:75 - [STDERR_REDIRECT] 	at java.base/java.util.stream.ReferencePipeline.findFirst(ReferencePipeline.java:647)
2024-02-29 17:08:39,738 [ERROR] LogOutputStream:75 - [STDERR_REDIRECT] 	at com.st.microxplorer.plugins.userauth.WebApp.findHyperLink(WebApp.java:761)
2024-02-29 17:08:39,738 [ERROR] LogOutputStream:75 - [STDERR_REDIRECT] 	at com.st.microxplorer.plugins.userauth.WebApp.lambda$new$17(WebApp.java:264)
2024-02-29 17:08:39,738 [ERROR] LogOutputStream:75 - [STDERR_REDIRECT] 	at java.base/java.util.Optional.ifPresent(Optional.java:178)
2024-02-29 17:08:39,738 [ERROR] LogOutputStream:75 - [STDERR_REDIRECT] 	at com.st.microxplorer.plugins.userauth.WebApp.lambda$new$21(WebApp.java:255)
2024-02-29 17:08:39,739 [ERROR] LogOutputStream:75 - [STDERR_REDIRECT] 	at com.teamdev.jxbrowser.event.internal.NewObservableHelper.notifyObservers(NewObservableHelper.java:57)
2024-02-29 17:08:39,739 [ERROR] LogOutputStream:75 - [STDERR_REDIRECT] 	at com.teamdev.jxbrowser.internal.rpc.stream.EventStream.dispatch(EventStream.java:74)
2024-02-29 17:08:39,739 [ERROR] LogOutputStream:75 - [STDERR_REDIRECT] 	at com.teamdev.jxbrowser.internal.rpc.stream.EventStream.process(EventStream.java:126)
2024-02-29 17:08:39,739 [ERROR] LogOutputStream:75 - [STDERR_REDIRECT] 	at com.teamdev.jxbrowser.internal.rpc.stream.Stream$StreamObserver.lambda$onNext$0(Stream.java:167)
2024-02-29 17:08:39,739 [ERROR] LogOutputStream:75 - [STDERR_REDIRECT] 	at com.teamdev.jxbrowser.internal.RpcThreadImpl$TaskRunner.processTasks(RpcThreadImpl.java:172)
2024-02-29 17:08:39,740 [ERROR] LogOutputStream:75 - [STDERR_REDIRECT] 	at com.teamdev.jxbrowser.internal.rpc.transport.RpcThreadCallExecutor.execute(RpcThreadCallExecutor.java:41)
2024-02-29 17:08:39,740 [ERROR] LogOutputStream:75 - [STDERR_REDIRECT] 	at com.teamdev.jxbrowser.internal.rpc.ServiceConnectionImpl.invoke(ServiceConnectionImpl.java:213)
2024-02-29 17:08:39,740 [ERROR] LogOutputStream:75 - [STDERR_REDIRECT] 	at com.teamdev.jxbrowser.frame.internal.FrameImpl.document(FrameImpl.java:449)
2024-02-29 17:08:39,740 [ERROR] LogOutputStream:75 - [STDERR_REDIRECT] 	at com.st.microxplorer.plugins.userauth.WebApp.findElementsByTagName(WebApp.java:742)
2024-02-29 17:08:39,741 [ERROR] LogOutputStream:75 - [STDERR_REDIRECT] 	at com.st.microxplorer.plugins.userauth.WebApp.removeUnecessaryTags(WebApp.java:834)
2024-02-29 17:08:39,741 [ERROR] LogOutputStream:75 - [STDERR_REDIRECT] 	at com.st.microxplorer.plugins.userauth.WebApp.lambda$new$9(WebApp.java:197)
2024-02-29 17:08:39,741 [ERROR] LogOutputStream:75 - [STDERR_REDIRECT] 	at com.teamdev.jxbrowser.event.internal.NewObservableHelper.notifyObservers(NewObservableHelper.java:57)
2024-02-29 17:08:39,742 [ERROR] LogOutputStream:75 - [STDERR_REDIRECT] 	at com.teamdev.jxbrowser.internal.rpc.stream.EventStream.dispatch(EventStream.java:74)
2024-02-29 17:08:39,742 [ERROR] LogOutputStream:75 - [STDERR_REDIRECT] 	at com.teamdev.jxbrowser.internal.rpc.stream.EventStream.process(EventStream.java:126)
2024-02-29 17:08:39,742 [ERROR] LogOutputStream:75 - [STDERR_REDIRECT] 	at com.teamdev.jxbrowser.internal.rpc.stream.Stream$StreamObserver.lambda$onNext$0(Stream.java:167)
2024-02-29 17:08:39,743 [ERROR] LogOutputStream:75 - [STDERR_REDIRECT] 	at com.teamdev.jxbrowser.internal.RpcThreadImpl$TaskRunner.processTasks(RpcThreadImpl.java:172)
2024-02-29 17:08:39,743 [ERROR] LogOutputStream:75 - [STDERR_REDIRECT] 	at com.teamdev.jxbrowser.internal.rpc.transport.RpcThreadCallExecutor.execute(RpcThreadCallExecutor.java:41)
2024-02-29 17:08:39,743 [ERROR] LogOutputStream:75 - [STDERR_REDIRECT] 	at com.teamdev.jxbrowser.internal.rpc.ServiceConnectionImpl.invoke(ServiceConnectionImpl.java:213)
2024-02-29 17:08:39,744 [ERROR] LogOutputStream:75 - [STDERR_REDIRECT] 	at com.teamdev.jxbrowser.dom.internal.ElementImpl.hasAttribute(ElementImpl.java:108)
2024-02-29 17:08:39,744 [ERROR] LogOutputStream:75 - [STDERR_REDIRECT] 	at com.st.microxplorer.plugins.userauth.WebApp.lambda$findHyperLink$27(WebApp.java:761)
2024-02-29 17:08:39,744 [ERROR] LogOutputStream:75 - [STDERR_REDIRECT] 	at java.base/java.util.stream.ReferencePipeline$2$1.accept(ReferencePipeline.java:178)
2024-02-29 17:08:39,745 [ERROR] LogOutputStream:75 - [STDERR_REDIRECT] 	at java.base/java.util.ArrayList$ArrayListSpliterator.tryAdvance(ArrayList.java:1602)
2024-02-29 17:08:39,745 [ERROR] LogOutputStream:75 - [STDERR_REDIRECT] 	at java.base/java.util.stream.ReferencePipeline.forEachWithCancel(ReferencePipeline.java:129)
2024-02-29 17:08:39,745 [ERROR] LogOutputStream:75 - [STDERR_REDIRECT] 	at java.base/java.util.stream.AbstractPipeline.copyIntoWithCancel(AbstractPipeline.java:527)
2024-02-29 17:08:39,746 [ERROR] LogOutputStream:75 - [STDERR_REDIRECT] 	at java.base/java.util.stream.AbstractPipeline.copyInto(AbstractPipeline.java:513)
2024-02-29 17:08:39,746 [ERROR] LogOutputStream:75 - [STDERR_REDIRECT] 	at java.base/java.util.stream.AbstractPipeline.wrapAndCopyInto(AbstractPipeline.java:499)
2024-02-29 17:08:39,747 [ERROR] LogOutputStream:75 - [STDERR_REDIRECT] 	at java.base/java.util.stream.FindOps$FindOp.evaluateSequential(FindOps.java:150)
2024-02-29 17:08:39,747 [ERROR] LogOutputStream:75 - [STDERR_REDIRECT] 	at java.base/java.util.stream.AbstractPipeline.evaluate(AbstractPipeline.java:234)
2024-02-29 17:08:39,747 [ERROR] LogOutputStream:75 - [STDERR_REDIRECT] 	at java.base/java.util.stream.ReferencePipeline.findFirst(ReferencePipeline.java:647)
2024-02-29 17:08:39,748 [ERROR] LogOutputStream:75 - [STDERR_REDIRECT] 	at com.st.microxplorer.plugins.userauth.WebApp.findHyperLink(WebApp.java:761)
2024-02-29 17:08:39,748 [ERROR] LogOutputStream:75 - [STDERR_REDIRECT] 	at com.st.microxplorer.plugins.userauth.WebApp.lambda$new$17(WebApp.java:256)
2024-02-29 17:08:39,748 [ERROR] LogOutputStream:75 - [STDERR_REDIRECT] 	at java.base/java.util.Optional.ifPresent(Optional.java:178)
2024-02-29 17:08:39,749 [ERROR] LogOutputStream:75 - [STDERR_REDIRECT] 	at com.st.microxplorer.plugins.userauth.WebApp.lambda$new$21(WebApp.java:255)
2024-02-29 17:08:39,749 [ERROR] LogOutputStream:75 - [STDERR_REDIRECT] 	at com.teamdev.jxbrowser.event.internal.NewObservableHelper.notifyObservers(NewObservableHelper.java:57)
2024-02-29 17:08:39,749 [ERROR] LogOutputStream:75 - [STDERR_REDIRECT] 	at com.teamdev.jxbrowser.internal.rpc.stream.EventStream.dispatch(EventStream.java:74)
2024-02-29 17:08:39,750 [ERROR] LogOutputStream:75 - [STDERR_REDIRECT] 	at com.teamdev.jxbrowser.internal.rpc.stream.EventStream.process(EventStream.java:126)
2024-02-29 17:08:39,750 [ERROR] LogOutputStream:75 - [STDERR_REDIRECT] 	at com.teamdev.jxbrowser.internal.rpc.stream.Stream$StreamObserver.lambda$onNext$0(Stream.java:167)
2024-02-29 17:08:39,751 [ERROR] LogOutputStream:75 - [STDERR_REDIRECT] 	at com.teamdev.jxbrowser.internal.RpcThreadImpl$TaskRunner.processTasks(RpcThreadImpl.java:172)
2024-02-29 17:08:39,751 [ERROR] LogOutputStream:75 - [STDERR_REDIRECT] 	at com.teamdev.jxbrowser.internal.rpc.transport.RpcThreadCallExecutor.execute(RpcThreadCallExecutor.java:41)
2024-02-29 17:08:39,751 [ERROR] LogOutputStream:75 - [STDERR_REDIRECT] 	at com.teamdev.jxbrowser.internal.rpc.ServiceConnectionImpl.invoke(ServiceConnectionImpl.java:213)
2024-02-29 17:08:39,751 [ERROR] LogOutputStream:75 - [STDERR_REDIRECT] 	at com.teamdev.jxbrowser.frame.internal.FrameImpl.document(FrameImpl.java:449)
2024-02-29 17:08:39,752 [ERROR] LogOutputStream:75 - [STDERR_REDIRECT] 	at com.st.microxplorer.plugins.userauth.WebApp.findElementsByTagName(WebApp.java:742)
2024-02-29 17:08:39,752 [ERROR] LogOutputStream:75 - [STDERR_REDIRECT] 	at com.st.microxplorer.plugins.userauth.WebApp.removeUnecessaryTags(WebApp.java:833)
2024-02-29 17:08:39,753 [ERROR] LogOutputStream:75 - [STDERR_REDIRECT] 	at com.st.microxplorer.plugins.userauth.WebApp.lambda$new$9(WebApp.java:197)
2024-02-29 17:08:39,753 [ERROR] LogOutputStream:75 - [STDERR_REDIRECT] 	at com.teamdev.jxbrowser.event.internal.NewObservableHelper.notifyObservers(NewObservableHelper.java:57)
2024-02-29 17:08:39,753 [ERROR] LogOutputStream:75 - [STDERR_REDIRECT] 	at com.teamdev.jxbrowser.internal.rpc.stream.EventStream.dispatch(EventStream.java:74)
2024-02-29 17:08:39,754 [ERROR] LogOutputStream:75 - [STDERR_REDIRECT] 	at com.teamdev.jxbrowser.internal.rpc.stream.EventStream.process(EventStream.java:126)
2024-02-29 17:08:39,754 [ERROR] LogOutputStream:75 - [STDERR_REDIRECT] 	at com.teamdev.jxbrowser.internal.rpc.stream.Stream$StreamObserver.lambda$onNext$0(Stream.java:167)
2024-02-29 17:08:39,754 [ERROR] LogOutputStream:75 - [STDERR_REDIRECT] 	at com.teamdev.jxbrowser.internal.RpcThreadImpl$TaskRunner.processTasks(RpcThreadImpl.java:172)
2024-02-29 17:08:39,755 [ERROR] LogOutputStream:75 - [STDERR_REDIRECT] 	at java.base/java.lang.Thread.run(Thread.java:833)
2024-02-29 17:08:39,755 [ERROR] LogOutputStream:75 - [STDERR_REDIRECT] Exception in thread "Browser Thread: 09eda3c4-c983-4395-b861-835841f867f8" java.lang.IllegalStateException
2024-02-29 17:08:39,756 [ERROR] LogOutputStream:75 - [STDERR_REDIRECT] 	at java.base/java.util.Optional.orElseThrow(Optional.java:403)
2024-02-29 17:08:39,756 [ERROR] LogOutputStream:75 - [STDERR_REDIRECT] 	at com.teamdev.jxbrowser.frame.internal.PageContext.of(PageContext.java:56)
2024-02-29 17:08:39,756 [ERROR] LogOutputStream:75 - [STDERR_REDIRECT] 	at com.teamdev.jxbrowser.frame.internal.FrameImpl.domContext(FrameImpl.java:246)
2024-02-29 17:08:39,757 [ERROR] LogOutputStream:75 - [STDERR_REDIRECT] 	at com.teamdev.jxbrowser.frame.internal.FrameImpl.document(FrameImpl.java:451)
2024-02-29 17:08:39,757 [ERROR] LogOutputStream:75 - [STDERR_REDIRECT] 	at com.st.microxplorer.plugins.userauth.WebApp.findElementsByTagName(WebApp.java:742)
2024-02-29 17:08:39,757 [ERROR] LogOutputStream:75 - [STDERR_REDIRECT] 	at com.st.microxplorer.plugins.userauth.WebApp.removeUnecessaryTags(WebApp.java:834)
2024-02-29 17:08:39,758 [ERROR] LogOutputStream:75 - [STDERR_REDIRECT] 	at com.st.microxplorer.plugins.userauth.WebApp.lambda$new$9(WebApp.java:197)
2024-02-29 17:08:39,758 [ERROR] LogOutputStream:75 - [STDERR_REDIRECT] 	at com.teamdev.jxbrowser.event.internal.NewObservableHelper.notifyObservers(NewObservableHelper.java:57)
2024-02-29 17:08:39,758 [ERROR] LogOutputStream:75 - [STDERR_REDIRECT] 	at com.teamdev.jxbrowser.internal.rpc.stream.EventStream.dispatch(EventStream.java:74)
2024-02-29 17:08:39,759 [ERROR] LogOutputStream:75 - [STDERR_REDIRECT] 	at com.teamdev.jxbrowser.internal.rpc.stream.EventStream.process(EventStream.java:126)
2024-02-29 17:08:39,759 [ERROR] LogOutputStream:75 - [STDERR_REDIRECT] 	at com.teamdev.jxbrowser.internal.rpc.stream.Stream$StreamObserver.lambda$onNext$0(Stream.java:167)
2024-02-29 17:08:39,759 [ERROR] LogOutputStream:75 - [STDERR_REDIRECT] 	at com.teamdev.jxbrowser.internal.RpcThreadImpl$TaskRunner.processTasks(RpcThreadImpl.java:172)
2024-02-29 17:08:39,760 [ERROR] LogOutputStream:75 - [STDERR_REDIRECT] 	at com.teamdev.jxbrowser.internal.rpc.transport.RpcThreadCallExecutor.execute(RpcThreadCallExecutor.java:41)
2024-02-29 17:08:39,760 [ERROR] LogOutputStream:75 - [STDERR_REDIRECT] 	at com.teamdev.jxbrowser.internal.rpc.ServiceConnectionImpl.invoke(ServiceConnectionImpl.java:213)
2024-02-29 17:08:39,760 [ERROR] LogOutputStream:75 - [STDERR_REDIRECT] 	at com.teamdev.jxbrowser.dom.internal.ElementImpl.hasAttribute(ElementImpl.java:108)
2024-02-29 17:08:39,761 [ERROR] LogOutputStream:75 - [STDERR_REDIRECT] 	at com.st.microxplorer.plugins.userauth.WebApp.lambda$findHyperLink$27(WebApp.java:761)
2024-02-29 17:08:39,761 [ERROR] LogOutputStream:75 - [STDERR_REDIRECT] 	at java.base/java.util.stream.ReferencePipeline$2$1.accept(ReferencePipeline.java:178)
2024-02-29 17:08:39,761 [ERROR] LogOutputStream:75 - [STDERR_REDIRECT] 	at java.base/java.util.ArrayList$ArrayListSpliterator.tryAdvance(ArrayList.java:1602)
2024-02-29 17:08:39,762 [ERROR] LogOutputStream:75 - [STDERR_REDIRECT] 	at java.base/java.util.stream.ReferencePipeline.forEachWithCancel(ReferencePipeline.java:129)
2024-02-29 17:08:39,762 [ERROR] LogOutputStream:75 - [STDERR_REDIRECT] 	at java.base/java.util.stream.AbstractPipeline.copyIntoWithCancel(AbstractPipeline.java:527)
2024-02-29 17:08:39,762 [ERROR] LogOutputStream:75 - [STDERR_REDIRECT] 	at java.base/java.util.stream.AbstractPipeline.copyInto(AbstractPipeline.java:513)
2024-02-29 17:08:39,763 [ERROR] LogOutputStream:75 - [STDERR_REDIRECT] 	at java.base/java.util.stream.AbstractPipeline.wrapAndCopyInto(AbstractPipeline.java:499)
2024-02-29 17:08:39,763 [ERROR] LogOutputStream:75 - [STDERR_REDIRECT] 	at java.base/java.util.stream.FindOps$FindOp.evaluateSequential(FindOps.java:150)
2024-02-29 17:08:39,763 [ERROR] LogOutputStream:75 - [STDERR_REDIRECT] 	at java.base/java.util.stream.AbstractPipeline.evaluate(AbstractPipeline.java:234)
2024-02-29 17:08:39,764 [ERROR] LogOutputStream:75 - [STDERR_REDIRECT] 	at java.base/java.util.stream.ReferencePipeline.findFirst(ReferencePipeline.java:647)
2024-02-29 17:08:39,764 [ERROR] LogOutputStream:75 - [STDERR_REDIRECT] 	at com.st.microxplorer.plugins.userauth.WebApp.findHyperLink(WebApp.java:761)
2024-02-29 17:08:39,764 [ERROR] LogOutputStream:75 - [STDERR_REDIRECT] 	at com.st.microxplorer.plugins.userauth.WebApp.lambda$new$17(WebApp.java:256)
2024-02-29 17:08:39,765 [ERROR] LogOutputStream:75 - [STDERR_REDIRECT] 	at java.base/java.util.Optional.ifPresent(Optional.java:178)
2024-02-29 17:08:39,765 [ERROR] LogOutputStream:75 - [STDERR_REDIRECT] 	at com.st.microxplorer.plugins.userauth.WebApp.lambda$new$21(WebApp.java:255)
2024-02-29 17:08:39,765 [ERROR] LogOutputStream:75 - [STDERR_REDIRECT] 	at com.teamdev.jxbrowser.event.internal.NewObservableHelper.notifyObservers(NewObservableHelper.java:57)
2024-02-29 17:08:39,766 [ERROR] LogOutputStream:75 - [STDERR_REDIRECT] 	at com.teamdev.jxbrowser.internal.rpc.stream.EventStream.dispatch(EventStream.java:74)
2024-02-29 17:08:39,766 [ERROR] LogOutputStream:75 - [STDERR_REDIRECT] 	at com.teamdev.jxbrowser.internal.rpc.stream.EventStream.process(EventStream.java:126)
2024-02-29 17:08:39,766 [ERROR] LogOutputStream:75 - [STDERR_REDIRECT] 	at com.teamdev.jxbrowser.internal.rpc.stream.Stream$StreamObserver.lambda$onNext$0(Stream.java:167)
2024-02-29 17:08:39,767 [ERROR] LogOutputStream:75 - [STDERR_REDIRECT] 	at com.teamdev.jxbrowser.internal.RpcThreadImpl$TaskRunner.processTasks(RpcThreadImpl.java:172)
2024-02-29 17:08:39,767 [ERROR] LogOutputStream:75 - [STDERR_REDIRECT] 	at com.teamdev.jxbrowser.internal.rpc.transport.RpcThreadCallExecutor.execute(RpcThreadCallExecutor.java:41)
2024-02-29 17:08:39,767 [ERROR] LogOutputStream:75 - [STDERR_REDIRECT] 	at com.teamdev.jxbrowser.internal.rpc.ServiceConnectionImpl.invoke(ServiceConnectionImpl.java:213)
2024-02-29 17:08:39,768 [ERROR] LogOutputStream:75 - [STDERR_REDIRECT] 	at com.teamdev.jxbrowser.frame.internal.FrameImpl.document(FrameImpl.java:449)
2024-02-29 17:08:39,768 [ERROR] LogOutputStream:75 - [STDERR_REDIRECT] 	at com.st.microxplorer.plugins.userauth.WebApp.findElementsByTagName(WebApp.java:742)
2024-02-29 17:08:39,768 [ERROR] LogOutputStream:75 - [STDERR_REDIRECT] 	at com.st.microxplorer.plugins.userauth.WebApp.removeUnecessaryTags(WebApp.java:833)
2024-02-29 17:08:39,769 [ERROR] LogOutputStream:75 - [STDERR_REDIRECT] 	at com.st.microxplorer.plugins.userauth.WebApp.lambda$new$9(WebApp.java:197)
2024-02-29 17:08:39,769 [ERROR] LogOutputStream:75 - [STDERR_REDIRECT] 	at com.teamdev.jxbrowser.event.internal.NewObservableHelper.notifyObservers(NewObservableHelper.java:57)
2024-02-29 17:08:39,770 [ERROR] LogOutputStream:75 - [STDERR_REDIRECT] 	at com.teamdev.jxbrowser.internal.rpc.stream.EventStream.dispatch(EventStream.java:74)
2024-02-29 17:08:39,770 [ERROR] LogOutputStream:75 - [STDERR_REDIRECT] 	at com.teamdev.jxbrowser.internal.rpc.stream.EventStream.process(EventStream.java:126)
2024-02-29 17:08:39,770 [ERROR] LogOutputStream:75 - [STDERR_REDIRECT] 	at com.teamdev.jxbrowser.internal.rpc.stream.Stream$StreamObserver.lambda$onNext$0(Stream.java:167)
2024-02-29 17:08:39,770 [ERROR] LogOutputStream:75 - [STDERR_REDIRECT] 	at com.teamdev.jxbrowser.internal.RpcThreadImpl$TaskRunner.processTasks(RpcThreadImpl.java:172)
2024-02-29 17:08:39,771 [ERROR] LogOutputStream:75 - [STDERR_REDIRECT] 	at java.base/java.lang.Thread.run(Thread.java:833)
2024-02-29 17:08:39,771 [ERROR] LogOutputStream:75 - [STDERR_REDIRECT] Exception in thread "Browser Thread: 09eda3c4-c983-4395-b861-835841f867f8" com.teamdev.jxbrowser.ObjectClosedException: Attempted to use a closed object.
2024-02-29 17:08:39,772 [ERROR] LogOutputStream:75 - [STDERR_REDIRECT] You're trying to call a method of a closed object. Usually, it happens when you
2024-02-29 17:08:39,772 [ERROR] LogOutputStream:75 - [STDERR_REDIRECT] call the `close()` method of an object (or its owner) prior to calling methods
2024-02-29 17:08:39,772 [ERROR] LogOutputStream:75 - [STDERR_REDIRECT] of that object.
2024-02-29 17:08:39,772 [ERROR] LogOutputStream:75 - [STDERR_REDIRECT] Another common cause of this exception is working with cached DOM or JavaScript
2024-02-29 17:08:39,772 [ERROR] LogOutputStream:75 - [STDERR_REDIRECT] objects. For example, if you navigate to another web page and try to call
2024-02-29 17:08:39,773 [ERROR] LogOutputStream:75 - [STDERR_REDIRECT] a method of a DOM or a JavaScript object from the previous page, you will get
2024-02-29 17:08:39,773 [ERROR] LogOutputStream:75 - [STDERR_REDIRECT] this exception.
2024-02-29 17:08:39,773 [ERROR] LogOutputStream:75 - [STDERR_REDIRECT] It's also possible that the native Chromium process has crashed. In that case,
2024-02-29 17:08:39,773 [ERROR] LogOutputStream:75 - [STDERR_REDIRECT] all the objects that belong to that process are closed automatically.
2024-02-29 17:08:39,773 [ERROR] LogOutputStream:75 - [STDERR_REDIRECT] The following article explains this exception in detail: https://links.teamdev.com/jxbrowser-object-closed-exception
2024-02-29 17:08:39,774 [ERROR] LogOutputStream:75 - [STDERR_REDIRECT] 	at com.teamdev.jxbrowser.internal.CloseableImpl.checkNotClosed(CloseableImpl.java:41)
2024-02-29 17:08:39,774 [ERROR] LogOutputStream:75 - [STDERR_REDIRECT] 	at com.teamdev.jxbrowser.dom.internal.ElementImpl.attributeValue(ElementImpl.java:60)
2024-02-29 17:08:39,774 [ERROR] LogOutputStream:75 - [STDERR_REDIRECT] 	at com.st.microxplorer.plugins.userauth.WebApp.lambda$findHyperLink$27(WebApp.java:761)
2024-02-29 17:08:39,774 [ERROR] LogOutputStream:75 - [STDERR_REDIRECT] 	at java.base/java.util.stream.ReferencePipeline$2$1.accept(ReferencePipeline.java:178)
2024-02-29 17:08:39,774 [ERROR] LogOutputStream:75 - [STDERR_REDIRECT] 	at java.base/java.util.ArrayList$ArrayListSpliterator.tryAdvance(ArrayList.java:1602)
2024-02-29 17:08:39,775 [ERROR] LogOutputStream:75 - [STDERR_REDIRECT] 	at java.base/java.util.stream.ReferencePipeline.forEachWithCancel(ReferencePipeline.java:129)
2024-02-29 17:08:39,775 [ERROR] LogOutputStream:75 - [STDERR_REDIRECT] 	at java.base/java.util.stream.AbstractPipeline.copyIntoWithCancel(AbstractPipeline.java:527)
2024-02-29 17:08:39,775 [ERROR] LogOutputStream:75 - [STDERR_REDIRECT] 	at java.base/java.util.stream.AbstractPipeline.copyInto(AbstractPipeline.java:513)
2024-02-29 17:08:39,775 [ERROR] LogOutputStream:75 - [STDERR_REDIRECT] 	at java.base/java.util.stream.AbstractPipeline.wrapAndCopyInto(AbstractPipeline.java:499)
2024-02-29 17:08:39,776 [ERROR] LogOutputStream:75 - [STDERR_REDIRECT] 	at java.base/java.util.stream.FindOps$FindOp.evaluateSequential(FindOps.java:150)
2024-02-29 17:08:39,776 [ERROR] LogOutputStream:75 - [STDERR_REDIRECT] 	at java.base/java.util.stream.AbstractPipeline.evaluate(AbstractPipeline.java:234)
2024-02-29 17:08:39,776 [ERROR] LogOutputStream:75 - [STDERR_REDIRECT] 	at java.base/java.util.stream.ReferencePipeline.findFirst(ReferencePipeline.java:647)
2024-02-29 17:08:39,776 [ERROR] LogOutputStream:75 - [STDERR_REDIRECT] 	at com.st.microxplorer.plugins.userauth.WebApp.findHyperLink(WebApp.java:761)
2024-02-29 17:08:39,776 [ERROR] LogOutputStream:75 - [STDERR_REDIRECT] 	at com.st.microxplorer.plugins.userauth.WebApp.lambda$new$17(WebApp.java:256)
2024-02-29 17:08:39,776 [ERROR] LogOutputStream:75 - [STDERR_REDIRECT] 	at java.base/java.util.Optional.ifPresent(Optional.java:178)
2024-02-29 17:08:39,777 [ERROR] LogOutputStream:75 - [STDERR_REDIRECT] 	at com.st.microxplorer.plugins.userauth.WebApp.lambda$new$21(WebApp.java:255)
2024-02-29 17:08:39,777 [ERROR] LogOutputStream:75 - [STDERR_REDIRECT] 	at com.teamdev.jxbrowser.event.internal.NewObservableHelper.notifyObservers(NewObservableHelper.java:57)
2024-02-29 17:08:39,777 [ERROR] LogOutputStream:75 - [STDERR_REDIRECT] 	at com.teamdev.jxbrowser.internal.rpc.stream.EventStream.dispatch(EventStream.java:74)
2024-02-29 17:08:39,777 [ERROR] LogOutputStream:75 - [STDERR_REDIRECT] 	at com.teamdev.jxbrowser.internal.rpc.stream.EventStream.process(EventStream.java:126)
2024-02-29 17:08:39,778 [ERROR] LogOutputStream:75 - [STDERR_REDIRECT] 	at com.teamdev.jxbrowser.internal.rpc.stream.Stream$StreamObserver.lambda$onNext$0(Stream.java:167)
2024-02-29 17:08:39,778 [ERROR] LogOutputStream:75 - [STDERR_REDIRECT] 	at com.teamdev.jxbrowser.internal.RpcThreadImpl$TaskRunner.processTasks(RpcThreadImpl.java:172)
2024-02-29 17:08:39,778 [ERROR] LogOutputStream:75 - [STDERR_REDIRECT] 	at com.teamdev.jxbrowser.internal.rpc.transport.RpcThreadCallExecutor.execute(RpcThreadCallExecutor.java:41)
2024-02-29 17:08:39,778 [ERROR] LogOutputStream:75 - [STDERR_REDIRECT] 	at com.teamdev.jxbrowser.internal.rpc.ServiceConnectionImpl.invoke(ServiceConnectionImpl.java:213)
2024-02-29 17:08:39,778 [ERROR] LogOutputStream:75 - [STDERR_REDIRECT] 	at com.teamdev.jxbrowser.frame.internal.FrameImpl.document(FrameImpl.java:449)
2024-02-29 17:08:39,778 [ERROR] LogOutputStream:75 - [STDERR_REDIRECT] 	at com.st.microxplorer.plugins.userauth.WebApp.findElementsByTagName(WebApp.java:742)
2024-02-29 17:08:39,779 [ERROR] LogOutputStream:75 - [STDERR_REDIRECT] 	at com.st.microxplorer.plugins.userauth.WebApp.removeUnecessaryTags(WebApp.java:833)
2024-02-29 17:08:39,779 [ERROR] LogOutputStream:75 - [STDERR_REDIRECT] 	at com.st.microxplorer.plugins.userauth.WebApp.lambda$new$9(WebApp.java:197)
2024-02-29 17:08:39,779 [ERROR] LogOutputStream:75 - [STDERR_REDIRECT] 	at com.teamdev.jxbrowser.event.internal.NewObservableHelper.notifyObservers(NewObservableHelper.java:57)
2024-02-29 17:08:39,779 [ERROR] LogOutputStream:75 - [STDERR_REDIRECT] 	at com.teamdev.jxbrowser.internal.rpc.stream.EventStream.dispatch(EventStream.java:74)
2024-02-29 17:08:39,779 [ERROR] LogOutputStream:75 - [STDERR_REDIRECT] 	at com.teamdev.jxbrowser.internal.rpc.stream.EventStream.process(EventStream.java:126)
2024-02-29 17:08:39,780 [ERROR] LogOutputStream:75 - [STDERR_REDIRECT] 	at com.teamdev.jxbrowser.internal.rpc.stream.Stream$StreamObserver.lambda$onNext$0(Stream.java:167)
2024-02-29 17:08:39,780 [ERROR] LogOutputStream:75 - [STDERR_REDIRECT] 	at com.teamdev.jxbrowser.internal.RpcThreadImpl$TaskRunner.processTasks(RpcThreadImpl.java:172)
2024-02-29 17:08:39,780 [ERROR] LogOutputStream:75 - [STDERR_REDIRECT] 	at java.base/java.lang.Thread.run(Thread.java:833)
2024-02-29 17:08:39,781 [ERROR] LogOutputStream:75 - [STDERR_REDIRECT] Exception in thread "Browser Thread: 09eda3c4-c983-4395-b861-835841f867f8" java.lang.IllegalStateException
2024-02-29 17:08:39,781 [ERROR] LogOutputStream:75 - [STDERR_REDIRECT] 	at java.base/java.util.Optional.orElseThrow(Optional.java:403)
2024-02-29 17:08:39,781 [ERROR] LogOutputStream:75 - [STDERR_REDIRECT] 	at com.teamdev.jxbrowser.frame.internal.PageContext.of(PageContext.java:56)
2024-02-29 17:08:39,781 [ERROR] LogOutputStream:75 - [STDERR_REDIRECT] 	at com.teamdev.jxbrowser.frame.internal.FrameImpl.domContext(FrameImpl.java:246)
2024-02-29 17:08:39,782 [ERROR] LogOutputStream:75 - [STDERR_REDIRECT] 	at com.teamdev.jxbrowser.frame.internal.FrameImpl.document(FrameImpl.java:451)
2024-02-29 17:08:39,782 [ERROR] LogOutputStream:75 - [STDERR_REDIRECT] 	at com.st.microxplorer.plugins.userauth.WebApp.findElementsByTagName(WebApp.java:742)
2024-02-29 17:08:39,782 [ERROR] LogOutputStream:75 - [STDERR_REDIRECT] 	at com.st.microxplorer.plugins.userauth.WebApp.removeUnecessaryTags(WebApp.java:833)
2024-02-29 17:08:39,782 [ERROR] LogOutputStream:75 - [STDERR_REDIRECT] 	at com.st.microxplorer.plugins.userauth.WebApp.lambda$new$9(WebApp.java:197)
2024-02-29 17:08:39,783 [ERROR] LogOutputStream:75 - [STDERR_REDIRECT] 	at com.teamdev.jxbrowser.event.internal.NewObservableHelper.notifyObservers(NewObservableHelper.java:57)
2024-02-29 17:08:39,783 [ERROR] LogOutputStream:75 - [STDERR_REDIRECT] 	at com.teamdev.jxbrowser.internal.rpc.stream.EventStream.dispatch(EventStream.java:74)
2024-02-29 17:08:39,783 [ERROR] LogOutputStream:75 - [STDERR_REDIRECT] 	at com.teamdev.jxbrowser.internal.rpc.stream.EventStream.process(EventStream.java:126)
2024-02-29 17:08:39,783 [ERROR] LogOutputStream:75 - [STDERR_REDIRECT] 	at com.teamdev.jxbrowser.internal.rpc.stream.Stream$StreamObserver.lambda$onNext$0(Stream.java:167)
2024-02-29 17:08:39,784 [ERROR] LogOutputStream:75 - [STDERR_REDIRECT] 	at com.teamdev.jxbrowser.internal.RpcThreadImpl$TaskRunner.processTasks(RpcThreadImpl.java:172)
2024-02-29 17:08:39,784 [ERROR] LogOutputStream:75 - [STDERR_REDIRECT] 	at java.base/java.lang.Thread.run(Thread.java:833)
2024-02-29 17:10:04,580 [ERROR] LogOutputStream:75 - [STDERR_REDIRECT] Exception in thread "Browser Thread: 09eda3c4-c983-4395-b861-835841f867f8" java.lang.NullPointerException: Cannot invoke "java.util.List.iterator()" because the return value of "com.st.microxplorer.plugins.userauth.WebApp.findElementsByTagName(com.teamdev.jxbrowser.browser.Browser, String)" is null
2024-02-29 17:10:04,580 [ERROR] LogOutputStream:75 - [STDERR_REDIRECT] 	at com.st.microxplorer.plugins.userauth.WebApp.removeUnecessaryTags(WebApp.java:834)
2024-02-29 17:10:04,580 [ERROR] LogOutputStream:75 - [STDERR_REDIRECT] 	at com.st.microxplorer.plugins.userauth.WebApp.lambda$new$9(WebApp.java:197)
2024-02-29 17:10:04,580 [ERROR] LogOutputStream:75 - [STDERR_REDIRECT] 	at com.teamdev.jxbrowser.event.internal.NewObservableHelper.notifyObservers(NewObservableHelper.java:57)
2024-02-29 17:10:04,581 [ERROR] LogOutputStream:75 - [STDERR_REDIRECT] 	at com.teamdev.jxbrowser.internal.rpc.stream.EventStream.dispatch(EventStream.java:74)
2024-02-29 17:10:04,581 [ERROR] LogOutputStream:75 - [STDERR_REDIRECT] 	at com.teamdev.jxbrowser.internal.rpc.stream.EventStream.process(EventStream.java:126)
2024-02-29 17:10:04,581 [ERROR] LogOutputStream:75 - [STDERR_REDIRECT] 	at com.teamdev.jxbrowser.internal.rpc.stream.Stream$StreamObserver.lambda$onNext$0(Stream.java:167)
2024-02-29 17:10:04,581 [ERROR] LogOutputStream:75 - [STDERR_REDIRECT] 	at com.teamdev.jxbrowser.internal.RpcThreadImpl$TaskRunner.processTasks(RpcThreadImpl.java:172)
2024-02-29 17:10:04,581 [ERROR] LogOutputStream:75 - [STDERR_REDIRECT] 	at java.base/java.lang.Thread.run(Thread.java:833)
2024-02-29 17:11:59,502 [INFO] WebApp:207 - error found : HTTP_RESPONSE_CODE_FAILURE
2024-02-29 17:13:12,556 [INFO] WebApp:612 - userauth.ini deleted or not created
2024-02-29 17:13:18,105 [INFO] ServerAccessManage:473 - Download File stm32cube_fw_l0_v1120.zip
2024-02-29 17:13:20,958 [ERROR] FileExtend:455 - File entry not found
2024-02-29 17:13:20,958 [INFO] FileExtend:240 - Unzip File : stm32cube_fw_l0_v1120.zip
2024-02-29 17:13:20,959 [INFO] FileExtend:255 - Standard Zip Deflate
2024-02-29 17:13:25,123 [INFO] ServerAccessManage:473 - Download File stm32cube_fw_l0_v1122.zip
2024-02-29 17:13:25,541 [INFO] FileExtend:240 - Unzip File : stm32cube_fw_l0_v1122.zip
2024-02-29 17:13:25,542 [INFO] FileExtend:255 - Standard Zip Deflate
2024-02-29 17:13:28,242 [INFO] LoadServerPackagesThread:196 - End of LoadServerPackages Thread
2024-02-29 17:13:28,405 [INFO] ThirdPartyModel:298 - Start build external matchings
2024-02-29 17:13:28,407 [INFO] UtilMem:75 - End SaveConfig() Used Memory: 789074272 Bytes (1073741824)
2024-02-29 17:13:28,909 [INFO] ThirdPartyModel:316 - End build external matchings
2024-02-29 17:13:28,922 [INFO] CheckServerUpdateThread:120 - End of CheckServer Thread
2024-02-29 17:13:28,922 [INFO] BlockDiagram:2759 - set Specific Code input for plugin: ADC
2024-02-29 17:13:28,922 [INFO] BlockDiagram:2759 - set Specific Code input for plugin: SPI
2024-02-29 17:13:28,922 [INFO] BlockDiagram:2759 - set Specific Code input for plugin: NVIC
2024-02-29 17:13:28,922 [INFO] BlockDiagram:2759 - set Specific Code input for plugin: SYS
2024-02-29 17:13:28,924 [INFO] BlockDiagram:2759 - set Specific Code input for plugin: GPIO
2024-02-29 17:13:28,924 [INFO] BlockDiagram:2759 - set Specific Code input for plugin: USART
2024-02-29 17:13:28,924 [INFO] BlockDiagram:2759 - set Specific Code input for plugin: RCC
2024-02-29 17:13:28,924 [INFO] BlockDiagram:2759 - set Specific Code input for plugin: TIM1_8L0
2024-02-29 17:13:28,925 [INFO] CodeGenerator:807 - code generatio: config db path: /opt/st/stm32cubeide_1.14.0/plugins/com.st.stm32cube.common.mx_6.10.0.202311202037//db/
2024-02-29 17:13:28,976 [WARN] IP:2119 - AutoBaudRateEnableParam not found: check if there is a RefParameter without a condition.
2024-02-29 17:13:29,326 [INFO] CodeEngine:255 - oldGeneratedFile, /users/bricpuis65/Documents/TP_Systeme_a_microcontroleur_Puissochet_Thupten/firmware/Stm32/MXTmpFiles/license.tmp_save
2024-02-29 17:13:29,851 [INFO] CodeEngine:279 - Generated code: /users/bricpuis65/Documents/TP_Systeme_a_microcontroleur_Puissochet_Thupten/firmware/Stm32/MXTmpFiles/license.tmp
2024-02-29 17:13:30,007 [INFO] CodeEngine:255 - oldGeneratedFile, /users/bricpuis65/Documents/TP_Systeme_a_microcontroleur_Puissochet_Thupten/firmware/Stm32/Core/Src/gpio.c_save
2024-02-29 17:13:30,194 [INFO] CodeEngine:279 - Generated code: /users/bricpuis65/Documents/TP_Systeme_a_microcontroleur_Puissochet_Thupten/firmware/Stm32/Core/Src/gpio.c
2024-02-29 17:13:30,196 [INFO] CodeEngine:255 - oldGeneratedFile, /users/bricpuis65/Documents/TP_Systeme_a_microcontroleur_Puissochet_Thupten/firmware/Stm32/Core/Inc/gpio.h_save
2024-02-29 17:13:30,314 [INFO] CodeEngine:279 - Generated code: /users/bricpuis65/Documents/TP_Systeme_a_microcontroleur_Puissochet_Thupten/firmware/Stm32/Core/Inc/gpio.h
2024-02-29 17:13:30,927 [INFO] CodeEngine:255 - oldGeneratedFile, /users/bricpuis65/Documents/TP_Systeme_a_microcontroleur_Puissochet_Thupten/firmware/Stm32/Core/Src/adc.c_save
2024-02-29 17:13:31,158 [INFO] CodeEngine:279 - Generated code: /users/bricpuis65/Documents/TP_Systeme_a_microcontroleur_Puissochet_Thupten/firmware/Stm32/Core/Src/adc.c
2024-02-29 17:13:31,160 [INFO] CodeEngine:255 - oldGeneratedFile, /users/bricpuis65/Documents/TP_Systeme_a_microcontroleur_Puissochet_Thupten/firmware/Stm32/Core/Inc/adc.h_save
2024-02-29 17:13:31,255 [INFO] CodeEngine:279 - Generated code: /users/bricpuis65/Documents/TP_Systeme_a_microcontroleur_Puissochet_Thupten/firmware/Stm32/Core/Inc/adc.h
2024-02-29 17:13:31,259 [INFO] CodeEngine:255 - oldGeneratedFile, /users/bricpuis65/Documents/TP_Systeme_a_microcontroleur_Puissochet_Thupten/firmware/Stm32/Core/Src/spi.c_save
2024-02-29 17:13:31,393 [INFO] CodeEngine:279 - Generated code: /users/bricpuis65/Documents/TP_Systeme_a_microcontroleur_Puissochet_Thupten/firmware/Stm32/Core/Src/spi.c
2024-02-29 17:13:31,395 [INFO] CodeEngine:255 - oldGeneratedFile, /users/bricpuis65/Documents/TP_Systeme_a_microcontroleur_Puissochet_Thupten/firmware/Stm32/Core/Inc/spi.h_save
2024-02-29 17:13:31,484 [INFO] CodeEngine:279 - Generated code: /users/bricpuis65/Documents/TP_Systeme_a_microcontroleur_Puissochet_Thupten/firmware/Stm32/Core/Inc/spi.h
2024-02-29 17:13:31,489 [INFO] CodeEngine:255 - oldGeneratedFile, /users/bricpuis65/Documents/TP_Systeme_a_microcontroleur_Puissochet_Thupten/firmware/Stm32/Core/Src/tim.c_save
2024-02-29 17:13:31,621 [INFO] CodeEngine:279 - Generated code: /users/bricpuis65/Documents/TP_Systeme_a_microcontroleur_Puissochet_Thupten/firmware/Stm32/Core/Src/tim.c
2024-02-29 17:13:31,622 [INFO] CodeEngine:255 - oldGeneratedFile, /users/bricpuis65/Documents/TP_Systeme_a_microcontroleur_Puissochet_Thupten/firmware/Stm32/Core/Inc/tim.h_save
2024-02-29 17:13:31,710 [INFO] CodeEngine:279 - Generated code: /users/bricpuis65/Documents/TP_Systeme_a_microcontroleur_Puissochet_Thupten/firmware/Stm32/Core/Inc/tim.h
2024-02-29 17:13:31,713 [INFO] CodeEngine:255 - oldGeneratedFile, /users/bricpuis65/Documents/TP_Systeme_a_microcontroleur_Puissochet_Thupten/firmware/Stm32/Core/Src/usart.c_save
2024-02-29 17:13:31,840 [INFO] CodeEngine:279 - Generated code: /users/bricpuis65/Documents/TP_Systeme_a_microcontroleur_Puissochet_Thupten/firmware/Stm32/Core/Src/usart.c
2024-02-29 17:13:31,841 [INFO] CodeEngine:255 - oldGeneratedFile, /users/bricpuis65/Documents/TP_Systeme_a_microcontroleur_Puissochet_Thupten/firmware/Stm32/Core/Inc/usart.h_save
2024-02-29 17:13:31,931 [INFO] CodeEngine:279 - Generated code: /users/bricpuis65/Documents/TP_Systeme_a_microcontroleur_Puissochet_Thupten/firmware/Stm32/Core/Inc/usart.h
2024-02-29 17:13:31,935 [INFO] CodeEngine:255 - oldGeneratedFile, /users/bricpuis65/Documents/TP_Systeme_a_microcontroleur_Puissochet_Thupten/firmware/Stm32/Core/Src/stm32l0xx_it.c_save
2024-02-29 17:13:32,058 [INFO] CodeEngine:279 - Generated code: /users/bricpuis65/Documents/TP_Systeme_a_microcontroleur_Puissochet_Thupten/firmware/Stm32/Core/Src/stm32l0xx_it.c
2024-02-29 17:13:32,060 [INFO] CodeEngine:255 - oldGeneratedFile, /users/bricpuis65/Documents/TP_Systeme_a_microcontroleur_Puissochet_Thupten/firmware/Stm32/Core/Inc/stm32l0xx_it.h_save
2024-02-29 17:13:32,149 [INFO] CodeEngine:279 - Generated code: /users/bricpuis65/Documents/TP_Systeme_a_microcontroleur_Puissochet_Thupten/firmware/Stm32/Core/Inc/stm32l0xx_it.h
2024-02-29 17:13:32,154 [INFO] CodeEngine:255 - oldGeneratedFile, /users/bricpuis65/Documents/TP_Systeme_a_microcontroleur_Puissochet_Thupten/firmware/Stm32/MXTmpFiles/system.tmp_save
2024-02-29 17:13:32,242 [INFO] CodeEngine:279 - Generated code: /users/bricpuis65/Documents/TP_Systeme_a_microcontroleur_Puissochet_Thupten/firmware/Stm32/MXTmpFiles/system.tmp
2024-02-29 17:13:32,243 [INFO] CodeEngine:255 - oldGeneratedFile, /users/bricpuis65/Documents/TP_Systeme_a_microcontroleur_Puissochet_Thupten/firmware/Stm32/Core/Inc/stm32_assert.h_save
2024-02-29 17:13:32,329 [INFO] CodeEngine:279 - Generated code: /users/bricpuis65/Documents/TP_Systeme_a_microcontroleur_Puissochet_Thupten/firmware/Stm32/Core/Inc/stm32_assert.h
2024-02-29 17:13:32,334 [WARN] IPConfigManager:2946 - Warning: the RefConfig RCC_ConfigVoltageScaling is not available in your config.xml file
2024-02-29 17:13:32,334 [WARN] IPConfigManager:2946 - Warning: the RefConfig RCC_LSEDRIVE_CONFIG is not available in your config.xml file
2024-02-29 17:13:32,341 [WARN] IPConfigManager:2946 - Warning: the RefConfig RCC_ClockConfig is not available in your config.xml file
2024-02-29 17:13:32,341 [WARN] IPConfigManager:2946 - Warning: the RefConfig RCC_MCO1Config is not available in your config.xml file
2024-02-29 17:13:32,341 [WARN] IPConfigManager:2946 - Warning: the RefConfig RCC_interrupt_Time_SYSTICK_Config is not available in your config.xml file
2024-02-29 17:13:32,341 [WARN] IPConfigManager:2946 - Warning: the RefConfig RCC_SYSTICK_CONFIG is not available in your config.xml file
2024-02-29 17:13:32,351 [INFO] CodeEngine:255 - oldGeneratedFile, /users/bricpuis65/Documents/TP_Systeme_a_microcontroleur_Puissochet_Thupten/firmware/Stm32/Core/Inc/main.h_save
2024-02-29 17:13:32,478 [INFO] CodeEngine:279 - Generated code: /users/bricpuis65/Documents/TP_Systeme_a_microcontroleur_Puissochet_Thupten/firmware/Stm32/Core/Inc/main.h
2024-02-29 17:13:32,481 [INFO] CodeEngine:255 - oldGeneratedFile, /users/bricpuis65/Documents/TP_Systeme_a_microcontroleur_Puissochet_Thupten/firmware/Stm32/Core/Src/main.c_save
2024-02-29 17:13:32,653 [INFO] CodeEngine:279 - Generated code: /users/bricpuis65/Documents/TP_Systeme_a_microcontroleur_Puissochet_Thupten/firmware/Stm32/Core/Src/main.c
2024-02-29 17:13:33,162 [INFO] ProjectBuilder:3076 - Time for Copy HAL[1] : 19mS.
2024-02-29 17:13:33,167 [INFO] ProjectBuilder:4485 - Project Generator version: 4.2.0-B44
2024-02-29 17:13:33,434 [INFO] ConfigFileManager:1495 - The Die is : DIE457
2024-02-29 17:13:33,448 [INFO] ApiDbMcu:508 - Load IP Config File for FATFS
2024-02-29 17:13:33,454 [INFO] ApiDbMcu:508 - Load IP Config File for FREERTOS
2024-02-29 17:13:34,150 [INFO] LogOutputStream:77 - [STDOUT_REDIRECT] 
2024-02-29 17:13:39,581 [INFO] ProjectBuilder:4747 - Time for Generating toolchain IDE Files: 6414mS.
2024-02-29 17:13:39,582 [INFO] ProjectBuilder:2947 - Time for Copy CMSIS : 1mS.
2024-02-29 17:13:39,583 [INFO] ProjectBuilder:2947 - Time for Copy CMSIS : 0mS.
2024-02-29 17:16:34,243 [INFO] Gpio:277 - dependency for GPIO [ADC, SPI1, SYS, TIM2, USART2]
2024-02-29 17:25:52,933 [ERROR] LogOutputStream:75 - [STDERR_REDIRECT] 
